#
# A fatal error has been detected by the Java Runtime Environment:
#
#  EXCEPTION_ACCESS_VIOLATION (0xc0000005) at pc=0x0000000001301280, pid=7016, tid=13488
#
# JRE version: Java(TM) SE Runtime Environment (12.0.1+12) (build 12.0.1+12)
# Java VM: Java HotSpot(TM) 64-Bit Server VM (12.0.1+12, mixed mode, sharing, tiered, compressed oops, g1 gc, windows-amd64)
# Problematic frame:
# C  [nvoglv64.DLL+0xb81280]
#
# No core dump will be written. Minidumps are not enabled by default on client versions of Windows
#
# If you would like to submit a bug report, please visit:
#   http://bugreport.java.com/bugreport/crash.jsp
# The crash happened outside the Java Virtual Machine in native code.
# See problematic frame for where to report the bug.
#

---------------  S U M M A R Y ------------

Command Line: -javaagent:C:\Program Files\JetBrains\IntelliJ IDEA 2019.1.3\lib\idea_rt.jar=53712:C:\Program Files\JetBrains\IntelliJ IDEA 2019.1.3\bin -Dfile.encoding=UTF-8 com.jakephillips.game.desktop.DesktopLauncher

Host: Intel(R) Core(TM) i5-4670K CPU @ 3.40GHz, 4 cores, 7G,  Windows 10 , 64 bit Build 18362 (10.0.18362.329)
Time: Mon Oct 21 23:57:14 2019 GMT Summer Time elapsed time: 11 seconds (0d 0h 0m 11s)

---------------  T H R E A D  ---------------

Current thread (0x000002d60077e000):  JavaThread "LWJGL Application" [_thread_in_native, id=13488, stack(0x000000ef26700000,0x000000ef26800000)]

Stack: [0x000000ef26700000,0x000000ef26800000],  sp=0x000000ef267fe7d0,  free space=1017k
Native frames: (J=compiled Java code, j=interpreted, Vv=VM code, C=native code)
C  [nvoglv64.DLL+0xb81280]

Java frames: (J=compiled Java code, j=interpreted, Vv=VM code)
J 847  org.lwjgl.opengl.GL11.nglDrawElements(IIIJJ)V (0 bytes) @ 0x000002d670981226 [0x000002d6709811c0+0x0000000000000066]
J 826 c1 org.lwjgl.opengl.GL11.glDrawElements(ILjava/nio/ShortBuffer;)V (38 bytes) @ 0x000002d669582dc4 [0x000002d669582600+0x00000000000007c4]
J 825 c1 com.badlogic.gdx.backends.lwjgl.LwjglGL20.glDrawElements(IIILjava/nio/Buffer;)V (124 bytes) @ 0x000002d6695819dc [0x000002d6695809c0+0x000000000000101c]
J 845 c1 com.badlogic.gdx.graphics.Mesh.render(Lcom/badlogic/gdx/graphics/glutils/ShaderProgram;IIIZ)V (341 bytes) @ 0x000002d66958ac04 [0x000002d66958a560+0x00000000000006a4]
J 814 c1 com.badlogic.gdx.graphics.g2d.SpriteBatch.flush()V (193 bytes) @ 0x000002d66957a1fc [0x000002d6695786a0+0x0000000000001b5c]
J 797 c1 com.badlogic.gdx.graphics.g2d.SpriteBatch.switchTexture(Lcom/badlogic/gdx/graphics/Texture;)V (32 bytes) @ 0x000002d66956d754 [0x000002d66956d6a0+0x00000000000000b4]
j  com.badlogic.gdx.graphics.g2d.SpriteBatch.draw(Lcom/badlogic/gdx/graphics/Texture;[FII)V+38
j  com.badlogic.gdx.graphics.g2d.BitmapFontCache.draw(Lcom/badlogic/gdx/graphics/g2d/Batch;)V+61
j  com.badlogic.gdx.graphics.g2d.BitmapFont.draw(Lcom/badlogic/gdx/graphics/g2d/Batch;Lcom/badlogic/gdx/graphics/g2d/GlyphLayout;FF)V+23
j  com.jakephillips.game.Screens.GameOverScreen.render(F)V+160
J 977 c1 com.jakephillips.game.SpaceGame.render()V (5 bytes) @ 0x000002d6695fae7c [0x000002d6695fac60+0x000000000000021c]
j  com.badlogic.gdx.backends.lwjgl.LwjglApplication.mainLoop()V+770
j  com.badlogic.gdx.backends.lwjgl.LwjglApplication$1.run()V+27
v  ~StubRoutines::call_stub

siginfo: EXCEPTION_ACCESS_VIOLATION (0xc0000005), reading address 0x000002d67fc24820


Register to memory mapping:

RIP=0x0000000001301280 nvoglv64.DLL
RAX=0x0000000000000005 is an unknown value
RBX=0x000002d67fc24820 is an unknown value
RCX=0x0 is NULL
RDX=0x0000004c038123cd is an unknown value
RSP=0x000000ef267fe7d0 is pointing into the stack for thread: 0x000002d60077e000
RBP=0x000002d600c30080 points into unknown readable memory: 00 00 00 00 00 00 00 00
RSI=0x0000000000000006 is an unknown value
RDI=0x0000000000000006 is an unknown value
R8 =0x00000000000002a8 is an unknown value
R9 =0x0 is NULL
R10=0x00000000546c6148 is an unknown value
R11=0xfffffffff97a498e is an unknown value
R12=0x0 is NULL
R13=0x0000000000000005 is an unknown value
R14=0x0 is NULL
R15=0x0000000000001403 is an unknown value


Registers:
RAX=0x0000000000000005, RBX=0x000002d67fc24820, RCX=0x0000000000000000, RDX=0x0000004c038123cd
RSP=0x000000ef267fe7d0, RBP=0x000002d600c30080, RSI=0x0000000000000006, RDI=0x0000000000000006
R8 =0x00000000000002a8, R9 =0x0000000000000000, R10=0x00000000546c6148, R11=0xfffffffff97a498e
R12=0x0000000000000000, R13=0x0000000000000005, R14=0x0000000000000000, R15=0x0000000000001403
RIP=0x0000000001301280, EFLAGS=0x0000000000010246

Top of Stack: (sp=0x000000ef267fe7d0)
0x000000ef267fe7d0:   0000000000000004 0000000800372270
0x000000ef267fe7e0:   000002d60077e000 000000ef267fe8d8
0x000000ef267fe7f0:   00000000890ff118 0000000000000000
0x000000ef267fe800:   0000000000000000 000000ef267fe8f0
0x000000ef267fe810:   0000000000000014 000000018000a40e
0x000000ef267fe820:   000002d600c30828 00007fff00000000
0x000000ef267fe830:   0000000000001403 000002d60077e000
0x000000ef267fe840:   000002d67fc24820 0000000000000004
0x000000ef267fe850:   000002d600c30080 000000ef267fe980
0x000000ef267fe860:   0000000000000000 0000000000fc0a46
0x000000ef267fe870:   000002d67eed10b0 000002d600000004
0x000000ef267fe880:   0000000000000006 0000000000000000
0x000000ef267fe890:   0000000000000006 000002d60000000c
0x000000ef267fe8a0:   000002d67fc24820 00007fff00000000
0x000000ef267fe8b0:   000002d60077e000 00007fff749385ae
0x000000ef267fe8c0:   000002d60077e000 000002d67f8ecec8 

Instructions: (pc=0x0000000001301280)
0x0000000001301260:   f0 0f 47 f1 0f 42 c1 eb 6e 41 81 ff 03 14 00 00
0x0000000001301270:   75 2c 48 8b 9c 24 d0 00 00 00 8d 47 ff 4c 63 e8
0x0000000001301280:   0f b7 13 42 0f b7 0c 6b 0f b7 c1 66 3b d1 66 0f
0x0000000001301290:   47 c2 66 0f 42 ca 0f b7 f0 0f b7 c1 eb 39 41 81 


Stack slot to memory mapping:
stack at sp + 0 slots: 0x0000000000000004 is an unknown value
stack at sp + 1 slots: 0x0000000800372270 is pointing into metadata
stack at sp + 2 slots: 0x000002d60077e000 is a thread
stack at sp + 3 slots: 0x000000ef267fe8d8 is pointing into the stack for thread: 0x000002d60077e000
stack at sp + 4 slots: 0x00000000890ff118 is an oop: java.nio.DirectFloatBufferU 
{0x00000000890ff118} - klass: 'java/nio/DirectFloatBufferU'
stack at sp + 5 slots: 0x0 is NULL
stack at sp + 6 slots: 0x0 is NULL
stack at sp + 7 slots: 0x000000ef267fe8f0 is pointing into the stack for thread: 0x000002d60077e000


---------------  P R O C E S S  ---------------

Threads class SMR info:
_java_thread_list=0x000002d60135eed0, length=13, elements={
0x000002d67ee86000, 0x000002d67ee87800, 0x000002d67ee9f000, 0x000002d67eea0800,
0x000002d67eea3800, 0x000002d67eeaa800, 0x000002d67f834800, 0x000002d67f8ec800,
0x000002d67f94e000, 0x000002d67fa8c800, 0x000002d60077e000, 0x000002d660a7c800,
0x000002d601258000
}

Java Threads: ( => current thread )
  0x000002d67ee86000 JavaThread "Reference Handler" daemon [_thread_blocked, id=3228, stack(0x000000ef25900000,0x000000ef25a00000)]
  0x000002d67ee87800 JavaThread "Finalizer" daemon [_thread_blocked, id=8176, stack(0x000000ef25a00000,0x000000ef25b00000)]
  0x000002d67ee9f000 JavaThread "Signal Dispatcher" daemon [_thread_blocked, id=13852, stack(0x000000ef25b00000,0x000000ef25c00000)]
  0x000002d67eea0800 JavaThread "Attach Listener" daemon [_thread_blocked, id=1256, stack(0x000000ef25c00000,0x000000ef25d00000)]
  0x000002d67eea3800 JavaThread "C2 CompilerThread0" daemon [_thread_blocked, id=16024, stack(0x000000ef25d00000,0x000000ef25e00000)]
  0x000002d67eeaa800 JavaThread "C1 CompilerThread0" daemon [_thread_blocked, id=756, stack(0x000000ef25e00000,0x000000ef25f00000)]
  0x000002d67f834800 JavaThread "Sweeper thread" daemon [_thread_blocked, id=14664, stack(0x000000ef25f00000,0x000000ef26000000)]
  0x000002d67f8ec800 JavaThread "Common-Cleaner" daemon [_thread_blocked, id=16188, stack(0x000000ef26000000,0x000000ef26100000)]
  0x000002d67f94e000 JavaThread "Monitor Ctrl-Break" daemon [_thread_in_native, id=10768, stack(0x000000ef26100000,0x000000ef26200000)]
  0x000002d67fa8c800 JavaThread "Service Thread" daemon [_thread_blocked, id=14980, stack(0x000000ef26200000,0x000000ef26300000)]
=>0x000002d60077e000 JavaThread "LWJGL Application" [_thread_in_native, id=13488, stack(0x000000ef26700000,0x000000ef26800000)]
  0x000002d660a7c800 JavaThread "DestroyJavaVM" [_thread_blocked, id=2832, stack(0x000000ef25100000,0x000000ef25200000)]
  0x000002d601258000 JavaThread "LWJGL Timer" daemon [_thread_blocked, id=15880, stack(0x000000ef26f00000,0x000000ef27000000)]

Other Threads:
  0x000002d67ee83800 VMThread "VM Thread" [stack: 0x000000ef25800000,0x000000ef25900000] [id=8368]
  0x000002d67fa94800 WatcherThread [stack: 0x000000ef26300000,0x000000ef26400000] [id=7360]
  0x000002d660aba800 GCTaskThread "GC Thread#0" [stack: 0x000000ef25300000,0x000000ef25400000] [id=6968]
  0x000002d660ac9800 ConcurrentGCThread "G1 Main Marker" [stack: 0x000000ef25400000,0x000000ef25500000] [id=15384]
  0x000002d660acb800 ConcurrentGCThread "G1 Conc#0" [stack: 0x000000ef25500000,0x000000ef25600000] [id=8756]
  0x000002d67ed00800 ConcurrentGCThread "G1 Refine#0" [stack: 0x000000ef25600000,0x000000ef25700000] [id=5856]
  0x000002d67ed01800 ConcurrentGCThread "G1 Young RemSet Sampling" [stack: 0x000000ef25700000,0x000000ef25800000] [id=5284]

Threads with active compile tasks:

VM state:not at safepoint (normal execution)

VM Mutex/Monitor currently owned by a thread: None

Heap address: 0x0000000081a00000, size: 2022 MB, Compressed Oops mode: 32-bit
Narrow klass base: 0x0000000800000000, Narrow klass shift: 3
Compressed class space size: 1073741824 Address: 0x00000008011a0000

Heap:
 garbage-first heap   total 131072K, used 12288K [0x0000000081a00000, 0x0000000100000000)
  region size 1024K, 13 young (13312K), 0 survivors (0K)
 Metaspace       used 5267K, capacity 7322K, committed 7552K, reserved 1056768K
  class space    used 390K, capacity 596K, committed 640K, reserved 1048576K
Heap Regions: E=young(eden), S=young(survivor), O=old, HS=humongous(starts), HC=humongous(continues), CS=collection set, F=free, A=archive, TAMS=top-at-mark-start (previous, next)
|   0|0x0000000081a00000, 0x0000000081a00000, 0x0000000081b00000|  0%| F|  |TAMS 0x0000000081a00000, 0x0000000081a00000| Untracked 
|   1|0x0000000081b00000, 0x0000000081b00000, 0x0000000081c00000|  0%| F|  |TAMS 0x0000000081b00000, 0x0000000081b00000| Untracked 
|   2|0x0000000081c00000, 0x0000000081c00000, 0x0000000081d00000|  0%| F|  |TAMS 0x0000000081c00000, 0x0000000081c00000| Untracked 
|   3|0x0000000081d00000, 0x0000000081d00000, 0x0000000081e00000|  0%| F|  |TAMS 0x0000000081d00000, 0x0000000081d00000| Untracked 
|   4|0x0000000081e00000, 0x0000000081e00000, 0x0000000081f00000|  0%| F|  |TAMS 0x0000000081e00000, 0x0000000081e00000| Untracked 
|   5|0x0000000081f00000, 0x0000000081f00000, 0x0000000082000000|  0%| F|  |TAMS 0x0000000081f00000, 0x0000000081f00000| Untracked 
|   6|0x0000000082000000, 0x0000000082000000, 0x0000000082100000|  0%| F|  |TAMS 0x0000000082000000, 0x0000000082000000| Untracked 
|   7|0x0000000082100000, 0x0000000082100000, 0x0000000082200000|  0%| F|  |TAMS 0x0000000082100000, 0x0000000082100000| Untracked 
|   8|0x0000000082200000, 0x0000000082200000, 0x0000000082300000|  0%| F|  |TAMS 0x0000000082200000, 0x0000000082200000| Untracked 
|   9|0x0000000082300000, 0x0000000082300000, 0x0000000082400000|  0%| F|  |TAMS 0x0000000082300000, 0x0000000082300000| Untracked 
|  10|0x0000000082400000, 0x0000000082400000, 0x0000000082500000|  0%| F|  |TAMS 0x0000000082400000, 0x0000000082400000| Untracked 
|  11|0x0000000082500000, 0x0000000082500000, 0x0000000082600000|  0%| F|  |TAMS 0x0000000082500000, 0x0000000082500000| Untracked 
|  12|0x0000000082600000, 0x0000000082600000, 0x0000000082700000|  0%| F|  |TAMS 0x0000000082600000, 0x0000000082600000| Untracked 
|  13|0x0000000082700000, 0x0000000082700000, 0x0000000082800000|  0%| F|  |TAMS 0x0000000082700000, 0x0000000082700000| Untracked 
|  14|0x0000000082800000, 0x0000000082800000, 0x0000000082900000|  0%| F|  |TAMS 0x0000000082800000, 0x0000000082800000| Untracked 
|  15|0x0000000082900000, 0x0000000082900000, 0x0000000082a00000|  0%| F|  |TAMS 0x0000000082900000, 0x0000000082900000| Untracked 
|  16|0x0000000082a00000, 0x0000000082a00000, 0x0000000082b00000|  0%| F|  |TAMS 0x0000000082a00000, 0x0000000082a00000| Untracked 
|  17|0x0000000082b00000, 0x0000000082b00000, 0x0000000082c00000|  0%| F|  |TAMS 0x0000000082b00000, 0x0000000082b00000| Untracked 
|  18|0x0000000082c00000, 0x0000000082c00000, 0x0000000082d00000|  0%| F|  |TAMS 0x0000000082c00000, 0x0000000082c00000| Untracked 
|  19|0x0000000082d00000, 0x0000000082d00000, 0x0000000082e00000|  0%| F|  |TAMS 0x0000000082d00000, 0x0000000082d00000| Untracked 
|  20|0x0000000082e00000, 0x0000000082e00000, 0x0000000082f00000|  0%| F|  |TAMS 0x0000000082e00000, 0x0000000082e00000| Untracked 
|  21|0x0000000082f00000, 0x0000000082f00000, 0x0000000083000000|  0%| F|  |TAMS 0x0000000082f00000, 0x0000000082f00000| Untracked 
|  22|0x0000000083000000, 0x0000000083000000, 0x0000000083100000|  0%| F|  |TAMS 0x0000000083000000, 0x0000000083000000| Untracked 
|  23|0x0000000083100000, 0x0000000083100000, 0x0000000083200000|  0%| F|  |TAMS 0x0000000083100000, 0x0000000083100000| Untracked 
|  24|0x0000000083200000, 0x0000000083200000, 0x0000000083300000|  0%| F|  |TAMS 0x0000000083200000, 0x0000000083200000| Untracked 
|  25|0x0000000083300000, 0x0000000083300000, 0x0000000083400000|  0%| F|  |TAMS 0x0000000083300000, 0x0000000083300000| Untracked 
|  26|0x0000000083400000, 0x0000000083400000, 0x0000000083500000|  0%| F|  |TAMS 0x0000000083400000, 0x0000000083400000| Untracked 
|  27|0x0000000083500000, 0x0000000083500000, 0x0000000083600000|  0%| F|  |TAMS 0x0000000083500000, 0x0000000083500000| Untracked 
|  28|0x0000000083600000, 0x0000000083600000, 0x0000000083700000|  0%| F|  |TAMS 0x0000000083600000, 0x0000000083600000| Untracked 
|  29|0x0000000083700000, 0x0000000083700000, 0x0000000083800000|  0%| F|  |TAMS 0x0000000083700000, 0x0000000083700000| Untracked 
|  30|0x0000000083800000, 0x0000000083800000, 0x0000000083900000|  0%| F|  |TAMS 0x0000000083800000, 0x0000000083800000| Untracked 
|  31|0x0000000083900000, 0x0000000083900000, 0x0000000083a00000|  0%| F|  |TAMS 0x0000000083900000, 0x0000000083900000| Untracked 
|  32|0x0000000083a00000, 0x0000000083a00000, 0x0000000083b00000|  0%| F|  |TAMS 0x0000000083a00000, 0x0000000083a00000| Untracked 
|  33|0x0000000083b00000, 0x0000000083b00000, 0x0000000083c00000|  0%| F|  |TAMS 0x0000000083b00000, 0x0000000083b00000| Untracked 
|  34|0x0000000083c00000, 0x0000000083c00000, 0x0000000083d00000|  0%| F|  |TAMS 0x0000000083c00000, 0x0000000083c00000| Untracked 
|  35|0x0000000083d00000, 0x0000000083d00000, 0x0000000083e00000|  0%| F|  |TAMS 0x0000000083d00000, 0x0000000083d00000| Untracked 
|  36|0x0000000083e00000, 0x0000000083e00000, 0x0000000083f00000|  0%| F|  |TAMS 0x0000000083e00000, 0x0000000083e00000| Untracked 
|  37|0x0000000083f00000, 0x0000000083f00000, 0x0000000084000000|  0%| F|  |TAMS 0x0000000083f00000, 0x0000000083f00000| Untracked 
|  38|0x0000000084000000, 0x0000000084000000, 0x0000000084100000|  0%| F|  |TAMS 0x0000000084000000, 0x0000000084000000| Untracked 
|  39|0x0000000084100000, 0x0000000084100000, 0x0000000084200000|  0%| F|  |TAMS 0x0000000084100000, 0x0000000084100000| Untracked 
|  40|0x0000000084200000, 0x0000000084200000, 0x0000000084300000|  0%| F|  |TAMS 0x0000000084200000, 0x0000000084200000| Untracked 
|  41|0x0000000084300000, 0x0000000084300000, 0x0000000084400000|  0%| F|  |TAMS 0x0000000084300000, 0x0000000084300000| Untracked 
|  42|0x0000000084400000, 0x0000000084400000, 0x0000000084500000|  0%| F|  |TAMS 0x0000000084400000, 0x0000000084400000| Untracked 
|  43|0x0000000084500000, 0x0000000084500000, 0x0000000084600000|  0%| F|  |TAMS 0x0000000084500000, 0x0000000084500000| Untracked 
|  44|0x0000000084600000, 0x0000000084600000, 0x0000000084700000|  0%| F|  |TAMS 0x0000000084600000, 0x0000000084600000| Untracked 
|  45|0x0000000084700000, 0x0000000084700000, 0x0000000084800000|  0%| F|  |TAMS 0x0000000084700000, 0x0000000084700000| Untracked 
|  46|0x0000000084800000, 0x0000000084800000, 0x0000000084900000|  0%| F|  |TAMS 0x0000000084800000, 0x0000000084800000| Untracked 
|  47|0x0000000084900000, 0x0000000084900000, 0x0000000084a00000|  0%| F|  |TAMS 0x0000000084900000, 0x0000000084900000| Untracked 
|  48|0x0000000084a00000, 0x0000000084a00000, 0x0000000084b00000|  0%| F|  |TAMS 0x0000000084a00000, 0x0000000084a00000| Untracked 
|  49|0x0000000084b00000, 0x0000000084b00000, 0x0000000084c00000|  0%| F|  |TAMS 0x0000000084b00000, 0x0000000084b00000| Untracked 
|  50|0x0000000084c00000, 0x0000000084c00000, 0x0000000084d00000|  0%| F|  |TAMS 0x0000000084c00000, 0x0000000084c00000| Untracked 
|  51|0x0000000084d00000, 0x0000000084d00000, 0x0000000084e00000|  0%| F|  |TAMS 0x0000000084d00000, 0x0000000084d00000| Untracked 
|  52|0x0000000084e00000, 0x0000000084e00000, 0x0000000084f00000|  0%| F|  |TAMS 0x0000000084e00000, 0x0000000084e00000| Untracked 
|  53|0x0000000084f00000, 0x0000000084f00000, 0x0000000085000000|  0%| F|  |TAMS 0x0000000084f00000, 0x0000000084f00000| Untracked 
|  54|0x0000000085000000, 0x0000000085000000, 0x0000000085100000|  0%| F|  |TAMS 0x0000000085000000, 0x0000000085000000| Untracked 
|  55|0x0000000085100000, 0x0000000085100000, 0x0000000085200000|  0%| F|  |TAMS 0x0000000085100000, 0x0000000085100000| Untracked 
|  56|0x0000000085200000, 0x0000000085200000, 0x0000000085300000|  0%| F|  |TAMS 0x0000000085200000, 0x0000000085200000| Untracked 
|  57|0x0000000085300000, 0x0000000085300000, 0x0000000085400000|  0%| F|  |TAMS 0x0000000085300000, 0x0000000085300000| Untracked 
|  58|0x0000000085400000, 0x0000000085400000, 0x0000000085500000|  0%| F|  |TAMS 0x0000000085400000, 0x0000000085400000| Untracked 
|  59|0x0000000085500000, 0x0000000085500000, 0x0000000085600000|  0%| F|  |TAMS 0x0000000085500000, 0x0000000085500000| Untracked 
|  60|0x0000000085600000, 0x0000000085600000, 0x0000000085700000|  0%| F|  |TAMS 0x0000000085600000, 0x0000000085600000| Untracked 
|  61|0x0000000085700000, 0x0000000085700000, 0x0000000085800000|  0%| F|  |TAMS 0x0000000085700000, 0x0000000085700000| Untracked 
|  62|0x0000000085800000, 0x0000000085800000, 0x0000000085900000|  0%| F|  |TAMS 0x0000000085800000, 0x0000000085800000| Untracked 
|  63|0x0000000085900000, 0x0000000085900000, 0x0000000085a00000|  0%| F|  |TAMS 0x0000000085900000, 0x0000000085900000| Untracked 
|  64|0x0000000085a00000, 0x0000000085a00000, 0x0000000085b00000|  0%| F|  |TAMS 0x0000000085a00000, 0x0000000085a00000| Untracked 
|  65|0x0000000085b00000, 0x0000000085b00000, 0x0000000085c00000|  0%| F|  |TAMS 0x0000000085b00000, 0x0000000085b00000| Untracked 
|  66|0x0000000085c00000, 0x0000000085c00000, 0x0000000085d00000|  0%| F|  |TAMS 0x0000000085c00000, 0x0000000085c00000| Untracked 
|  67|0x0000000085d00000, 0x0000000085d00000, 0x0000000085e00000|  0%| F|  |TAMS 0x0000000085d00000, 0x0000000085d00000| Untracked 
|  68|0x0000000085e00000, 0x0000000085e00000, 0x0000000085f00000|  0%| F|  |TAMS 0x0000000085e00000, 0x0000000085e00000| Untracked 
|  69|0x0000000085f00000, 0x0000000085f00000, 0x0000000086000000|  0%| F|  |TAMS 0x0000000085f00000, 0x0000000085f00000| Untracked 
|  70|0x0000000086000000, 0x0000000086000000, 0x0000000086100000|  0%| F|  |TAMS 0x0000000086000000, 0x0000000086000000| Untracked 
|  71|0x0000000086100000, 0x0000000086100000, 0x0000000086200000|  0%| F|  |TAMS 0x0000000086100000, 0x0000000086100000| Untracked 
|  72|0x0000000086200000, 0x0000000086200000, 0x0000000086300000|  0%| F|  |TAMS 0x0000000086200000, 0x0000000086200000| Untracked 
|  73|0x0000000086300000, 0x0000000086300000, 0x0000000086400000|  0%| F|  |TAMS 0x0000000086300000, 0x0000000086300000| Untracked 
|  74|0x0000000086400000, 0x0000000086400000, 0x0000000086500000|  0%| F|  |TAMS 0x0000000086400000, 0x0000000086400000| Untracked 
|  75|0x0000000086500000, 0x0000000086500000, 0x0000000086600000|  0%| F|  |TAMS 0x0000000086500000, 0x0000000086500000| Untracked 
|  76|0x0000000086600000, 0x0000000086600000, 0x0000000086700000|  0%| F|  |TAMS 0x0000000086600000, 0x0000000086600000| Untracked 
|  77|0x0000000086700000, 0x0000000086700000, 0x0000000086800000|  0%| F|  |TAMS 0x0000000086700000, 0x0000000086700000| Untracked 
|  78|0x0000000086800000, 0x0000000086800000, 0x0000000086900000|  0%| F|  |TAMS 0x0000000086800000, 0x0000000086800000| Untracked 
|  79|0x0000000086900000, 0x0000000086900000, 0x0000000086a00000|  0%| F|  |TAMS 0x0000000086900000, 0x0000000086900000| Untracked 
|  80|0x0000000086a00000, 0x0000000086a00000, 0x0000000086b00000|  0%| F|  |TAMS 0x0000000086a00000, 0x0000000086a00000| Untracked 
|  81|0x0000000086b00000, 0x0000000086b00000, 0x0000000086c00000|  0%| F|  |TAMS 0x0000000086b00000, 0x0000000086b00000| Untracked 
|  82|0x0000000086c00000, 0x0000000086c00000, 0x0000000086d00000|  0%| F|  |TAMS 0x0000000086c00000, 0x0000000086c00000| Untracked 
|  83|0x0000000086d00000, 0x0000000086d00000, 0x0000000086e00000|  0%| F|  |TAMS 0x0000000086d00000, 0x0000000086d00000| Untracked 
|  84|0x0000000086e00000, 0x0000000086e00000, 0x0000000086f00000|  0%| F|  |TAMS 0x0000000086e00000, 0x0000000086e00000| Untracked 
|  85|0x0000000086f00000, 0x0000000086f00000, 0x0000000087000000|  0%| F|  |TAMS 0x0000000086f00000, 0x0000000086f00000| Untracked 
|  86|0x0000000087000000, 0x0000000087000000, 0x0000000087100000|  0%| F|  |TAMS 0x0000000087000000, 0x0000000087000000| Untracked 
|  87|0x0000000087100000, 0x0000000087100000, 0x0000000087200000|  0%| F|  |TAMS 0x0000000087100000, 0x0000000087100000| Untracked 
|  88|0x0000000087200000, 0x0000000087200000, 0x0000000087300000|  0%| F|  |TAMS 0x0000000087200000, 0x0000000087200000| Untracked 
|  89|0x0000000087300000, 0x0000000087300000, 0x0000000087400000|  0%| F|  |TAMS 0x0000000087300000, 0x0000000087300000| Untracked 
|  90|0x0000000087400000, 0x0000000087400000, 0x0000000087500000|  0%| F|  |TAMS 0x0000000087400000, 0x0000000087400000| Untracked 
|  91|0x0000000087500000, 0x0000000087500000, 0x0000000087600000|  0%| F|  |TAMS 0x0000000087500000, 0x0000000087500000| Untracked 
|  92|0x0000000087600000, 0x0000000087600000, 0x0000000087700000|  0%| F|  |TAMS 0x0000000087600000, 0x0000000087600000| Untracked 
|  93|0x0000000087700000, 0x0000000087700000, 0x0000000087800000|  0%| F|  |TAMS 0x0000000087700000, 0x0000000087700000| Untracked 
|  94|0x0000000087800000, 0x0000000087800000, 0x0000000087900000|  0%| F|  |TAMS 0x0000000087800000, 0x0000000087800000| Untracked 
|  95|0x0000000087900000, 0x0000000087900000, 0x0000000087a00000|  0%| F|  |TAMS 0x0000000087900000, 0x0000000087900000| Untracked 
|  96|0x0000000087a00000, 0x0000000087a00000, 0x0000000087b00000|  0%| F|  |TAMS 0x0000000087a00000, 0x0000000087a00000| Untracked 
|  97|0x0000000087b00000, 0x0000000087b00000, 0x0000000087c00000|  0%| F|  |TAMS 0x0000000087b00000, 0x0000000087b00000| Untracked 
|  98|0x0000000087c00000, 0x0000000087c00000, 0x0000000087d00000|  0%| F|  |TAMS 0x0000000087c00000, 0x0000000087c00000| Untracked 
|  99|0x0000000087d00000, 0x0000000087d00000, 0x0000000087e00000|  0%| F|  |TAMS 0x0000000087d00000, 0x0000000087d00000| Untracked 
| 100|0x0000000087e00000, 0x0000000087e00000, 0x0000000087f00000|  0%| F|  |TAMS 0x0000000087e00000, 0x0000000087e00000| Untracked 
| 101|0x0000000087f00000, 0x0000000087f00000, 0x0000000088000000|  0%| F|  |TAMS 0x0000000087f00000, 0x0000000087f00000| Untracked 
| 102|0x0000000088000000, 0x0000000088000000, 0x0000000088100000|  0%| F|  |TAMS 0x0000000088000000, 0x0000000088000000| Untracked 
| 103|0x0000000088100000, 0x0000000088100000, 0x0000000088200000|  0%| F|  |TAMS 0x0000000088100000, 0x0000000088100000| Untracked 
| 104|0x0000000088200000, 0x0000000088200000, 0x0000000088300000|  0%| F|  |TAMS 0x0000000088200000, 0x0000000088200000| Untracked 
| 105|0x0000000088300000, 0x0000000088300000, 0x0000000088400000|  0%| F|  |TAMS 0x0000000088300000, 0x0000000088300000| Untracked 
| 106|0x0000000088400000, 0x0000000088400000, 0x0000000088500000|  0%| F|  |TAMS 0x0000000088400000, 0x0000000088400000| Untracked 
| 107|0x0000000088500000, 0x0000000088500000, 0x0000000088600000|  0%| F|  |TAMS 0x0000000088500000, 0x0000000088500000| Untracked 
| 108|0x0000000088600000, 0x0000000088600000, 0x0000000088700000|  0%| F|  |TAMS 0x0000000088600000, 0x0000000088600000| Untracked 
| 109|0x0000000088700000, 0x0000000088700000, 0x0000000088800000|  0%| F|  |TAMS 0x0000000088700000, 0x0000000088700000| Untracked 
| 110|0x0000000088800000, 0x0000000088800000, 0x0000000088900000|  0%| F|  |TAMS 0x0000000088800000, 0x0000000088800000| Untracked 
| 111|0x0000000088900000, 0x0000000088900000, 0x0000000088a00000|  0%| F|  |TAMS 0x0000000088900000, 0x0000000088900000| Untracked 
| 112|0x0000000088a00000, 0x0000000088a00000, 0x0000000088b00000|  0%| F|  |TAMS 0x0000000088a00000, 0x0000000088a00000| Untracked 
| 113|0x0000000088b00000, 0x0000000088b00000, 0x0000000088c00000|  0%| F|  |TAMS 0x0000000088b00000, 0x0000000088b00000| Untracked 
| 114|0x0000000088c00000, 0x0000000088c00000, 0x0000000088d00000|  0%| F|  |TAMS 0x0000000088c00000, 0x0000000088c00000| Untracked 
| 115|0x0000000088d00000, 0x0000000088e00000, 0x0000000088e00000|100%| E|  |TAMS 0x0000000088d00000, 0x0000000088d00000| Complete 
| 116|0x0000000088e00000, 0x0000000088f00000, 0x0000000088f00000|100%| E|CS|TAMS 0x0000000088e00000, 0x0000000088e00000| Complete 
| 117|0x0000000088f00000, 0x0000000089000000, 0x0000000089000000|100%| E|CS|TAMS 0x0000000088f00000, 0x0000000088f00000| Complete 
| 118|0x0000000089000000, 0x0000000089100000, 0x0000000089100000|100%| E|CS|TAMS 0x0000000089000000, 0x0000000089000000| Complete 
| 119|0x0000000089100000, 0x0000000089200000, 0x0000000089200000|100%| E|CS|TAMS 0x0000000089100000, 0x0000000089100000| Complete 
| 120|0x0000000089200000, 0x0000000089300000, 0x0000000089300000|100%| E|CS|TAMS 0x0000000089200000, 0x0000000089200000| Complete 
| 121|0x0000000089300000, 0x0000000089400000, 0x0000000089400000|100%| E|CS|TAMS 0x0000000089300000, 0x0000000089300000| Complete 
| 122|0x0000000089400000, 0x0000000089500000, 0x0000000089500000|100%| E|CS|TAMS 0x0000000089400000, 0x0000000089400000| Complete 
| 123|0x0000000089500000, 0x0000000089600000, 0x0000000089600000|100%| E|CS|TAMS 0x0000000089500000, 0x0000000089500000| Complete 
| 124|0x0000000089600000, 0x0000000089700000, 0x0000000089700000|100%| E|CS|TAMS 0x0000000089600000, 0x0000000089600000| Complete 
| 125|0x0000000089700000, 0x0000000089800000, 0x0000000089800000|100%| E|CS|TAMS 0x0000000089700000, 0x0000000089700000| Complete 
| 126|0x0000000089800000, 0x0000000089900000, 0x0000000089900000|100%| E|CS|TAMS 0x0000000089800000, 0x0000000089800000| Complete 
| 127|0x0000000089900000, 0x0000000089a00000, 0x0000000089a00000|100%| E|CS|TAMS 0x0000000089900000, 0x0000000089900000| Complete 

Card table byte_map: [0x000002d678280000,0x000002d678680000] _byte_map_base: 0x000002d677e73000

Marking Bits (Prev, Next): (CMBitMap*) 0x000002d660abca58, (CMBitMap*) 0x000002d660abca98
 Prev Bits: [0x000002d678a80000, 0x000002d67aa18000)
 Next Bits: [0x000002d67aa20000, 0x000002d67c9b8000)

Polling page: 0x000002d65e930000

Metaspace:

Usage:
  Non-class:      6.57 MB capacity,     4.76 MB ( 73%) used,     1.80 MB ( 27%) free+waste,     7.38 KB ( <1%) overhead. 
      Class:    596.00 KB capacity,   390.02 KB ( 65%) used,   202.67 KB ( 34%) free+waste,     3.31 KB ( <1%) overhead. 
       Both:      7.15 MB capacity,     5.14 MB ( 72%) used,     2.00 MB ( 28%) free+waste,    10.69 KB ( <1%) overhead. 

Virtual space:
  Non-class space:        8.00 MB reserved,       6.75 MB ( 84%) committed 
      Class space:        1.00 GB reserved,     640.00 KB ( <1%) committed 
             Both:        1.01 GB reserved,       7.38 MB ( <1%) committed 

Chunk freelists:
   Non-Class:  15.25 KB
       Class:  1.50 KB
        Both:  16.75 KB

CodeHeap 'non-profiled nmethods': size=120064Kb used=301Kb max_used=301Kb free=119762Kb
 bounds [0x000002d670940000, 0x000002d670bb0000, 0x000002d677e80000]
CodeHeap 'profiled nmethods': size=120000Kb used=2038Kb max_used=2038Kb free=117961Kb
 bounds [0x000002d669410000, 0x000002d669680000, 0x000002d670940000]
CodeHeap 'non-nmethods': size=5696Kb used=1191Kb max_used=1205Kb free=4504Kb
 bounds [0x000002d668e80000, 0x000002d6690f0000, 0x000002d669410000]
 total_blobs=1761 nmethods=1006 adapters=452
 compilation: enabled
              stopped_count=0, restarted_count=0
 full_count=0

Compilation events (10 events):
Event: 11.426 Thread 0x000002d67eeaa800 1000       3       com.badlogic.gdx.graphics.g2d.BitmapFont$Glyph::<init> (10 bytes)
Event: 11.426 Thread 0x000002d67eeaa800 nmethod 1000 0x000002d66960b590 code [0x000002d66960b740, 0x000002d66960b918]
Event: 11.426 Thread 0x000002d67eeaa800 1004       3       java.util.StringTokenizer::<init> (8 bytes)
Event: 11.426 Thread 0x000002d67eeaa800 nmethod 1004 0x000002d66960ba10 code [0x000002d66960bbe0, 0x000002d66960bd90]
Event: 11.426 Thread 0x000002d67eeaa800 1005       3       com.badlogic.gdx.graphics.g2d.BitmapFont$BitmapFontData::setGlyph (42 bytes)
Event: 11.427 Thread 0x000002d67eeaa800 nmethod 1005 0x000002d66960be90 code [0x000002d66960c080, 0x000002d66960c6b8]
Event: 11.428 Thread 0x000002d67eea3800 nmethod 995 0x000002d670988b90 code [0x000002d670988d40, 0x000002d670989068]
Event: 11.428 Thread 0x000002d67eea3800  996       4       java.util.StringTokenizer::skipDelimiters (116 bytes)
Event: 11.429 Thread 0x000002d67eeaa800 1006       3       com.badlogic.gdx.graphics.g2d.BitmapFont$BitmapFontData::setGlyphRegion (402 bytes)
Event: 11.429 Thread 0x000002d67eeaa800 nmethod 1006 0x000002d66960c890 code [0x000002d66960cb00, 0x000002d66960d7b8]

GC Heap History (0 events):
No events

Deoptimization events (7 events):
Event: 0.112 Thread 0x000002d660a7c800 Uncommon trap: reason=class_check action=maybe_recompile pc=0x000002d67094d6f0 method=java.util.HashMap.putVal(ILjava/lang/Object;Ljava/lang/Object;ZZ)Ljava/lang/Object; @ 152 c2
Event: 0.118 Thread 0x000002d660a7c800 Uncommon trap: reason=unstable_if action=reinterpret pc=0x000002d670944720 method=java.lang.String.isLatin1()Z @ 10 c2
Event: 0.121 Thread 0x000002d660a7c800 Uncommon trap: reason=class_check action=maybe_recompile pc=0x000002d67094d6f0 method=java.util.HashMap.putVal(ILjava/lang/Object;Ljava/lang/Object;ZZ)Ljava/lang/Object; @ 152 c2
Event: 0.121 Thread 0x000002d660a7c800 Uncommon trap: reason=class_check action=maybe_recompile pc=0x000002d67094d6f0 method=java.util.HashMap.putVal(ILjava/lang/Object;Ljava/lang/Object;ZZ)Ljava/lang/Object; @ 152 c2
Event: 0.131 Thread 0x000002d660a7c800 Uncommon trap: reason=class_check action=maybe_recompile pc=0x000002d67094d6f0 method=java.util.HashMap.putVal(ILjava/lang/Object;Ljava/lang/Object;ZZ)Ljava/lang/Object; @ 152 c2
Event: 0.148 Thread 0x000002d660a7c800 Uncommon trap: reason=unstable_if action=reinterpret pc=0x000002d670951110 method=java.io.WinNTFileSystem.isSlash(C)Z @ 9 c2
Event: 1.033 Thread 0x000002d67eea0800 Uncommon trap: reason=unstable_if action=reinterpret pc=0x000002d670965d68 method=java.lang.String.startsWith(Ljava/lang/String;I)Z @ 14 c2

Classes redefined (0 events):
No events

Internal exceptions (3 events):
Event: 0.172 Thread 0x000002d660a7c800 Exception <a 'java/lang/NoSuchMethodError'{0x00000000896c2178}: java.lang.invoke.DirectMethodHandle$Holder.invokeStaticInit(Ljava/lang/Object;IIII)Ljava/lang/Object;> (0x00000000896c2178) thrown at [t:/workspace/open/src/hotspot/share/interpreter/linkReso
Event: 0.249 Thread 0x000002d660a7c800 Exception <a 'java/lang/NoSuchMethodError'{0x00000000896e0148}: java.lang.invoke.DirectMethodHandle$Holder.invokeStaticInit(Ljava/lang/Object;Ljava/lang/Object;IIII)Ljava/lang/Object;> (0x00000000896e0148) thrown at [t:/workspace/open/src/hotspot/share/in
Event: 1.912 Thread 0x000002d60077e000 Exception <a 'java/lang/NoSuchMethodError'{0x0000000088e44658}: java.lang.invoke.DirectMethodHandle$Holder.invokeSpecialIFC(Ljava/lang/Object;Ljava/lang/Object;I)I> (0x0000000088e44658) thrown at [t:/workspace/open/src/hotspot/share/interpreter/linkResolv

Events (10 events):
Event: 11.410 loading class jdk/internal/org/xml/sax/Attributes done
Event: 11.410 loading class jdk/internal/util/xml/impl/Attrs done
Event: 11.410 loading class jdk/internal/util/xml/impl/Pair
Event: 11.410 loading class jdk/internal/util/xml/impl/Pair done
Event: 11.410 loading class jdk/internal/org/xml/sax/InputSource
Event: 11.410 loading class jdk/internal/org/xml/sax/InputSource done
Event: 11.410 loading class jdk/internal/util/xml/impl/Input
Event: 11.410 loading class jdk/internal/util/xml/impl/Input done
Event: 11.410 loading class jdk/internal/util/xml/impl/ReaderUTF8
Event: 11.410 loading class jdk/internal/util/xml/impl/ReaderUTF8 done


Dynamic libraries:
0x00007ff73f9f0000 - 0x00007ff73f9ff000 	C:\Program Files\Java\jdk-12.0.1\bin\java.exe
0x00007fffe6100000 - 0x00007fffe62f0000 	C:\WINDOWS\SYSTEM32\ntdll.dll
0x00007fffe4cb0000 - 0x00007fffe4d62000 	C:\WINDOWS\System32\KERNEL32.DLL
0x00007fffe3ba0000 - 0x00007fffe3e43000 	C:\WINDOWS\System32\KERNELBASE.dll
0x00007fffe3860000 - 0x00007fffe395a000 	C:\WINDOWS\System32\ucrtbase.dll
0x00007fffdf440000 - 0x00007fffdf458000 	C:\Program Files\Java\jdk-12.0.1\bin\jli.dll
0x00007fffe4340000 - 0x00007fffe43e3000 	C:\WINDOWS\System32\ADVAPI32.dll
0x00007fffe4d70000 - 0x00007fffe4e0e000 	C:\WINDOWS\System32\msvcrt.dll
0x00007fffe4e80000 - 0x00007fffe4f17000 	C:\WINDOWS\System32\sechost.dll
0x00007fffe5450000 - 0x00007fffe5570000 	C:\WINDOWS\System32\RPCRT4.dll
0x00007fffe49a0000 - 0x00007fffe4b34000 	C:\WINDOWS\System32\USER32.dll
0x00007fffe3f30000 - 0x00007fffe3f51000 	C:\WINDOWS\System32\win32u.dll
0x00007fffe4230000 - 0x00007fffe4256000 	C:\WINDOWS\System32\GDI32.dll
0x00007fffe3960000 - 0x00007fffe3af4000 	C:\WINDOWS\System32\gdi32full.dll
0x00007fffe3b00000 - 0x00007fffe3b9e000 	C:\WINDOWS\System32\msvcp_win.dll
0x00007fffdc0b0000 - 0x00007fffdc0c6000 	C:\Program Files\Java\jdk-12.0.1\bin\VCRUNTIME140.dll
0x00007fffd64e0000 - 0x00007fffd6765000 	C:\WINDOWS\WinSxS\amd64_microsoft.windows.common-controls_6595b64144ccf1df_6.0.18362.418_none_e6c6b287130d565d\COMCTL32.dll
0x00007fffe4f20000 - 0x00007fffe5256000 	C:\WINDOWS\System32\combase.dll
0x00007fffe3e50000 - 0x00007fffe3ed0000 	C:\WINDOWS\System32\bcryptPrimitives.dll
0x00007fffdcf90000 - 0x00007fffdcf9a000 	C:\WINDOWS\SYSTEM32\VERSION.dll
0x00007fffe4c60000 - 0x00007fffe4c8e000 	C:\WINDOWS\System32\IMM32.DLL
0x00007fffb7d90000 - 0x00007fffb7e3a000 	C:\Program Files\Java\jdk-12.0.1\bin\msvcp140.dll
0x00007fff74720000 - 0x00007fff75294000 	C:\Program Files\Java\jdk-12.0.1\bin\server\jvm.dll
0x00007fffe43f0000 - 0x00007fffe43f8000 	C:\WINDOWS\System32\PSAPI.DLL
0x00007fffb93b0000 - 0x00007fffb93b9000 	C:\WINDOWS\SYSTEM32\WSOCK32.dll
0x00007fffe4b40000 - 0x00007fffe4baf000 	C:\WINDOWS\System32\WS2_32.dll
0x00007fffe0250000 - 0x00007fffe0274000 	C:\WINDOWS\SYSTEM32\WINMM.dll
0x00007fffe0220000 - 0x00007fffe024d000 	C:\WINDOWS\SYSTEM32\WINMMBASE.dll
0x00007fffe3810000 - 0x00007fffe385a000 	C:\WINDOWS\System32\cfgmgr32.dll
0x00007fffe3000000 - 0x00007fffe3011000 	C:\WINDOWS\System32\kernel.appcore.dll
0x00007fffdbff0000 - 0x00007fffdc001000 	C:\Program Files\Java\jdk-12.0.1\bin\verify.dll
0x00007fffd04a0000 - 0x00007fffd0694000 	C:\WINDOWS\SYSTEM32\DBGHELP.DLL
0x00007fffcff30000 - 0x00007fffcff5a000 	C:\WINDOWS\SYSTEM32\dbgcore.DLL
0x00007fffcd270000 - 0x00007fffcd296000 	C:\Program Files\Java\jdk-12.0.1\bin\java.dll
0x00007fffd39f0000 - 0x00007fffd39fe000 	C:\Program Files\Java\jdk-12.0.1\bin\instrument.dll
0x00007fffcc110000 - 0x00007fffcc127000 	C:\Program Files\Java\jdk-12.0.1\bin\zip.dll
0x00007fffd37c0000 - 0x00007fffd37ca000 	C:\Program Files\Java\jdk-12.0.1\bin\jimage.dll
0x00007fffe59d0000 - 0x00007fffe60b5000 	C:\WINDOWS\System32\SHELL32.dll
0x00007fffe4bb0000 - 0x00007fffe4c59000 	C:\WINDOWS\System32\shcore.dll
0x00007fffe3090000 - 0x00007fffe380f000 	C:\WINDOWS\System32\windows.storage.dll
0x00007fffe2fe0000 - 0x00007fffe2fff000 	C:\WINDOWS\System32\profapi.dll
0x00007fffe3020000 - 0x00007fffe306a000 	C:\WINDOWS\System32\powrprof.dll
0x00007fffe2fd0000 - 0x00007fffe2fe0000 	C:\WINDOWS\System32\UMPDC.dll
0x00007fffe42e0000 - 0x00007fffe4332000 	C:\WINDOWS\System32\shlwapi.dll
0x00007fffe4010000 - 0x00007fffe4027000 	C:\WINDOWS\System32\cryptsp.dll
0x00007fffc9060000 - 0x00007fffc9079000 	C:\Program Files\Java\jdk-12.0.1\bin\net.dll
0x00007fffde0e0000 - 0x00007fffde1d0000 	C:\WINDOWS\SYSTEM32\WINHTTP.dll
0x00007fffd75b0000 - 0x00007fffd7786000 	C:\WINDOWS\SYSTEM32\urlmon.dll
0x00007fffd7c60000 - 0x00007fffd7f06000 	C:\WINDOWS\SYSTEM32\iertutil.dll
0x00007fffe2a10000 - 0x00007fffe2a1c000 	C:\WINDOWS\SYSTEM32\CRYPTBASE.DLL
0x00007fffe2840000 - 0x00007fffe28a7000 	C:\WINDOWS\system32\mswsock.dll
0x00007fffc5c90000 - 0x00007fffc5ca3000 	C:\Program Files\Java\jdk-12.0.1\bin\nio.dll
0x00007fffd0320000 - 0x00007fffd033a000 	C:\Program Files\JetBrains\IntelliJ IDEA 2019.1.3\bin\breakgen64.dll
0x0000000065ac0000 - 0x0000000065b0b000 	C:\Users\Jake\AppData\Local\Temp\libgdxJake P\7d76f548\gdx64.dll
0x00007fffe23b0000 - 0x00007fffe23e3000 	C:\WINDOWS\system32\rsaenh.dll
0x00007fffe4180000 - 0x00007fffe41a6000 	C:\WINDOWS\System32\bcrypt.dll
0x00007fffe2ef0000 - 0x00007fffe2f15000 	C:\WINDOWS\SYSTEM32\USERENV.dll
0x00007fffe2550000 - 0x00007fffe258a000 	C:\WINDOWS\SYSTEM32\IPHLPAPI.DLL
0x00007fffe5860000 - 0x00007fffe5868000 	C:\WINDOWS\System32\NSI.dll
0x00007fffdd040000 - 0x00007fffdd056000 	C:\WINDOWS\SYSTEM32\dhcpcsvc6.DLL
0x00007fffdd020000 - 0x00007fffdd03c000 	C:\WINDOWS\SYSTEM32\dhcpcsvc.DLL
0x00007fffe2590000 - 0x00007fffe265a000 	C:\WINDOWS\SYSTEM32\DNSAPI.dll
0x0000000180000000 - 0x0000000180053000 	C:\Users\Jake\AppData\Local\Temp\libgdxJake P\1cecf4f6\lwjgl64.dll
0x00007fffc4d70000 - 0x00007fffc4ec6000 	C:\WINDOWS\SYSTEM32\OPENGL32.dll
0x00007fffd0fa0000 - 0x00007fffd0fcc000 	C:\WINDOWS\SYSTEM32\GLU32.dll
0x00007fffe1cb0000 - 0x00007fffe1cd0000 	C:\WINDOWS\SYSTEM32\dxcore.dll
0x000002d6609c0000 - 0x000002d660a24000 	C:\Users\Jake\AppData\Local\Temp\libgdxJake P\1cecf4f6\OpenAL64.dll
0x00007fffe5870000 - 0x00007fffe59c6000 	C:\WINDOWS\System32\ole32.dll
0x00007fffe1350000 - 0x00007fffe13e9000 	C:\WINDOWS\system32\uxtheme.dll
0x00007fffe53a0000 - 0x00007fffe5442000 	C:\WINDOWS\System32\clbcatq.dll
0x00007fffc1a40000 - 0x00007fffc1ad9000 	C:\WINDOWS\SYSTEM32\dsound.dll
0x00007fffdc3d0000 - 0x00007fffdc442000 	C:\WINDOWS\System32\MMDevApi.dll
0x00007fffe2dd0000 - 0x00007fffe2dfa000 	C:\WINDOWS\System32\DEVOBJ.dll
0x00007fffd7b00000 - 0x00007fffd7c5d000 	C:\WINDOWS\SYSTEM32\AUDIOSES.DLL
0x00007fffe5570000 - 0x00007fffe5634000 	C:\WINDOWS\System32\OLEAUT32.dll
0x00007fffdebe0000 - 0x00007fffded33000 	C:\WINDOWS\SYSTEM32\wintypes.dll
0x00007fffe1670000 - 0x00007fffe1684000 	C:\WINDOWS\SYSTEM32\resourcepolicyclient.dll
0x00007fffddde0000 - 0x00007fffdde8e000 	C:\WINDOWS\SYSTEM32\mscms.dll
0x00007fffddb30000 - 0x00007fffddb47000 	C:\WINDOWS\SYSTEM32\ColorAdapterClient.dll
0x00007fffe5260000 - 0x00007fffe5396000 	C:\WINDOWS\System32\MSCTF.dll
0x0000000000780000 - 0x0000000002a47000 	C:\WINDOWS\SYSTEM32\nvoglv64.DLL
0x00007fffe44d0000 - 0x00007fffe4940000 	C:\WINDOWS\System32\SETUPAPI.dll
0x00007fffdfae0000 - 0x00007fffdfaf3000 	C:\WINDOWS\SYSTEM32\WTSAPI32.dll
0x00007fffe3ed0000 - 0x00007fffe3f2c000 	C:\WINDOWS\System32\WINTRUST.dll
0x00007fffe3070000 - 0x00007fffe3082000 	C:\WINDOWS\System32\MSASN1.dll
0x00007fffe4030000 - 0x00007fffe4179000 	C:\WINDOWS\System32\CRYPT32.dll
0x00007fffe2030000 - 0x00007fffe2061000 	C:\WINDOWS\SYSTEM32\ntmarta.dll
0x00007fffe1880000 - 0x00007fffe18ad000 	C:\WINDOWS\system32\dwmapi.dll
0x00007fffd6770000 - 0x00007fffd6927000 	C:\WINDOWS\system32\nvspcap64.dll
0x00007fffdb600000 - 0x00007fffdb69e000 	C:\WINDOWS\System32\TextInputFramework.dll
0x00007fffdedc0000 - 0x00007fffdf0ea000 	C:\WINDOWS\System32\CoreUIComponents.dll
0x00007fffe0c00000 - 0x00007fffe0cd4000 	C:\WINDOWS\System32\CoreMessaging.dll
0x00007fffdc4d0000 - 0x00007fffdc513000 	C:\WINDOWS\SYSTEM32\icm32.dll
0x00007fffe20a0000 - 0x00007fffe20fc000 	C:\WINDOWS\SYSTEM32\WINSTA.dll
0x00007fff80f60000 - 0x00007fff80fe6000 	C:\Program Files (x86)\Overwolf\0.136.0.10\OWExplorer.dll

dbghelp: loaded successfully - version: 4.0.5 - missing functions: none
symbol engine: initialized successfully - sym options: 0x614 - pdb path: .;C:\Program Files\Java\jdk-12.0.1\bin;C:\WINDOWS\SYSTEM32;C:\WINDOWS\WinSxS\amd64_microsoft.windows.common-controls_6595b64144ccf1df_6.0.18362.418_none_e6c6b287130d565d;C:\Program Files\Java\jdk-12.0.1\bin\server;C:\Program Files\JetBrains\IntelliJ IDEA 2019.1.3\bin;C:\Users\Jake\AppData\Local\Temp\libgdxJake P\7d76f548;C:\Users\Jake\AppData\Local\Temp\libgdxJake P\1cecf4f6;C:\Program Files (x86)\Overwolf\0.136.0.10

VM Arguments:
jvm_args: -javaagent:C:\Program Files\JetBrains\IntelliJ IDEA 2019.1.3\lib\idea_rt.jar=53712:C:\Program Files\JetBrains\IntelliJ IDEA 2019.1.3\bin -Dfile.encoding=UTF-8 
java_command: com.jakephillips.game.desktop.DesktopLauncher
java_class_path (initial): C:\Users\Jake\Desktop\MyGame\desktop\out\production\classes;C:\Users\Jake\Desktop\MyGame\desktop\out\production\resources;C:\Users\Jake\.gradle\caches\modules-2\files-2.1\com.badlogicgames.gdx\gdx-backend-lwjgl\1.9.10\8f88abd43500d94c486d25f04d642318da72773a\gdx-backend-lwjgl-1.9.10.jar;C:\Users\Jake\.gradle\caches\modules-2\files-2.1\com.badlogicgames.gdx\gdx-platform\1.9.10\1907b49f8363dd1ee37d273854a9cc3c741a6e66\gdx-platform-1.9.10-natives-desktop.jar;C:\Users\Jake\.gradle\caches\modules-2\files-2.1\com.badlogicgames.gdx\gdx-box2d-platform\1.9.10\91b19c283b24eec646a18e0e7b940c829920df4f\gdx-box2d-platform-1.9.10-natives-desktop.jar;C:\Users\Jake\.gradle\caches\modules-2\files-2.1\com.badlogicgames.gdx\gdx-freetype-platform\1.9.10\5c4b67db9c1d62383b718ce040c7cdb555d5b19f\gdx-freetype-platform-1.9.10-natives-desktop.jar;C:\Users\Jake\.gradle\caches\modules-2\files-2.1\com.badlogicgames.box2dlights\box2dlights\1.4\3d77ad5b4164fb32fc67e2446e35911bb0aaf0bd\box2dlights-1.4.jar;C:\Users\Jake\.gradle\caches\modules-2\files-2.1\com.badlogicgames.gdx\gdx-box2d\1.9.10\d68a7a3484d47529a8d23cd467579eb098b38a9e\gdx-box2d-1.9.10.jar;C:\Users\Jake\.gradle\caches\modules-2\files-2.1\com.badlogicgames.gdx\gdx-freetype\1.9.10\8853e4f08589a9feb4b851187909cfde8810e491\gdx-freetype-1.9.10.jar;C:\Users\Jake\.gradle\caches\modules-2\files-2.1\com.badlogicgames.gdx\gdx\1.9.10\79d9ad27bd5e3eb18c9ade61d3a27d7237695d53\gdx-1.9.10.jar;C:\Users\Jake\.gradle\caches\modules-2\files-2.1\org.lwjgl.lwjgl\lwjgl_util\2.9.3\751f06b62424da056954c67288fd5c494431e350\lwjgl_util-2.9.3.jar;C:\Users\Jake\.gradle\caches\modules-2\files-2.1\org.lwjgl.lwjgl\lwjgl\2.9.3\3df168ac74e4a8c96562cdff24ad352e255bf89c\lwjgl-2.9.3.jar;C:\Users\Jake\.gradle\caches\modules-2\files-2.1\com.badlogicgames.jlayer\jlayer\1.0.1-gdx\7cca83cec5c1b2f011362f4d85aabd71a73b049d\jlayer-1.0.1-gdx.jar;C:\Users\Jake\.gradle\caches\modules-2\files-2.1\org.jcraft\jorbis\0.0.17\8872d22b293e8f5d7d56ff92be966e6d
Launcher Type: SUN_STANDARD

[Global flags]
     intx CICompilerCount                          = 3                                         {product} {ergonomic}
     uint ConcGCThreads                            = 1                                         {product} {ergonomic}
     uint G1ConcRefinementThreads                  = 4                                         {product} {ergonomic}
   size_t G1HeapRegionSize                         = 1048576                                   {product} {ergonomic}
    uintx GCDrainStackTargetSize                   = 64                                        {product} {ergonomic}
   size_t InitialHeapSize                          = 134217728                                 {product} {ergonomic}
   size_t MarkStackSize                            = 4194304                                   {product} {ergonomic}
   size_t MaxHeapSize                              = 2120220672                                {product} {ergonomic}
   size_t MaxNewSize                               = 1271922688                                {product} {ergonomic}
   size_t MinHeapDeltaBytes                        = 1048576                                   {product} {ergonomic}
    uintx NonNMethodCodeHeapSize                   = 5830732                                {pd product} {ergonomic}
    uintx NonProfiledCodeHeapSize                  = 122913754                              {pd product} {ergonomic}
    uintx ProfiledCodeHeapSize                     = 122913754                              {pd product} {ergonomic}
    uintx ReservedCodeCacheSize                    = 251658240                              {pd product} {ergonomic}
     bool SegmentedCodeCache                       = true                                      {product} {ergonomic}
     bool UseCompressedClassPointers               = true                                 {lp64_product} {ergonomic}
     bool UseCompressedOops                        = true                                 {lp64_product} {ergonomic}
     bool UseG1GC                                  = true                                      {product} {ergonomic}
     bool UseLargePagesIndividualAllocation        = false                                  {pd product} {ergonomic}

Logging:
Log output configuration:
 #0: stdout all=warning uptime,level,tags
 #1: stderr all=off uptime,level,tags

Environment Variables:
PATH=C:\ProgramData\Oracle\Java\javapath;C:\Windows\system32;C:\Windows;C:\Windows\System32\Wbem;C:\Windows\System32\WindowsPowerShell\v1.0\;C:\Program Files (x86)\NVIDIA Corporation\PhysX\Common;C:\WINDOWS\system32;C:\WINDOWS;C:\WINDOWS\System32\Wbem;C:\WINDOWS\System32\WindowsPowerShell\v1.0\;C:\Program Files (x86)\Skype\Phone\;C:\WINDOWS\System32\OpenSSH\;C:\Program Files (x86)\QuickTime\QTSystem\;C:\Users\Jake\AppData\Local\Programs\Python\Python35-32\Scripts\;C:\Users\Jake\AppData\Local\Programs\Python\Python35-32\;C:\Users\Jake\AppData\Local\Microsoft\WindowsApps;
USERNAME=Jake P
OS=Windows_NT
PROCESSOR_IDENTIFIER=Intel64 Family 6 Model 60 Stepping 3, GenuineIntel



---------------  S Y S T E M  ---------------

OS: Windows 10 , 64 bit Build 18362 (10.0.18362.329)

CPU:total 4 (initial active 4) (4 cores per cpu, 1 threads per core) family 6 model 60 stepping 3, cmov, cx8, fxsr, mmx, sse, sse2, sse3, ssse3, sse4.1, sse4.2, popcnt, avx, avx2, aes, clmul, erms, lzcnt, tsc, tscinvbit, bmi1, bmi2, fma

Memory: 4k page, system-wide physical 8082M (2751M free)
TotalPageFile size 11922M (AvailPageFile size 2749M)
current process WorkingSet (physical memory assigned to process): 92M, peak: 95M
current process commit charge ("private bytes"): 253M, peak: 253M

vm_info: Java HotSpot(TM) 64-Bit Server VM (12.0.1+12) for windows-amd64 JRE (12.0.1+12), built on Apr  2 2019 14:02:19 by "mach5one" with MS VC++ 15.5 (VS2017)

END.
