#
# A fatal error has been detected by the Java Runtime Environment:
#
#  EXCEPTION_ACCESS_VIOLATION (0xc0000005) at pc=0x0000000000c01280, pid=1244, tid=9388
#
# JRE version: Java(TM) SE Runtime Environment (12.0.1+12) (build 12.0.1+12)
# Java VM: Java HotSpot(TM) 64-Bit Server VM (12.0.1+12, mixed mode, sharing, tiered, compressed oops, g1 gc, windows-amd64)
# Problematic frame:
# C  [nvoglv64.DLL+0xb81280]
#
# No core dump will be written. Minidumps are not enabled by default on client versions of Windows
#
# If you would like to submit a bug report, please visit:
#   http://bugreport.java.com/bugreport/crash.jsp
# The crash happened outside the Java Virtual Machine in native code.
# See problematic frame for where to report the bug.
#

---------------  S U M M A R Y ------------

Command Line: -javaagent:C:\Program Files\JetBrains\IntelliJ IDEA 2019.1.3\lib\idea_rt.jar=53750:C:\Program Files\JetBrains\IntelliJ IDEA 2019.1.3\bin -Dfile.encoding=UTF-8 com.jakephillips.game.desktop.DesktopLauncher

Host: Intel(R) Core(TM) i5-4670K CPU @ 3.40GHz, 4 cores, 7G,  Windows 10 , 64 bit Build 18362 (10.0.18362.329)
Time: Tue Oct 22 00:02:09 2019 GMT Summer Time elapsed time: 20 seconds (0d 0h 0m 20s)

---------------  T H R E A D  ---------------

Current thread (0x00000157fdbca000):  JavaThread "LWJGL Application" [_thread_in_native, id=9388, stack(0x0000004097100000,0x0000004097200000)]

Stack: [0x0000004097100000,0x0000004097200000],  sp=0x00000040971feba0,  free space=1018k
Native frames: (J=compiled Java code, j=interpreted, Vv=VM code, C=native code)
C  [nvoglv64.DLL+0xb81280]

Java frames: (J=compiled Java code, j=interpreted, Vv=VM code)
J 847  org.lwjgl.opengl.GL11.nglDrawElements(IIIJJ)V (0 bytes) @ 0x0000015787b00ea6 [0x0000015787b00e40+0x0000000000000066]
J 1043 c2 com.badlogic.gdx.graphics.Mesh.render(Lcom/badlogic/gdx/graphics/glutils/ShaderProgram;IIIZ)V (341 bytes) @ 0x0000015787b264e4 [0x0000015787b262c0+0x0000000000000224]
J 1031 c2 com.badlogic.gdx.graphics.g2d.SpriteBatch.flush()V (193 bytes) @ 0x0000015787b12030 [0x0000015787b11c60+0x00000000000003d0]
J 1014 c1 com.badlogic.gdx.graphics.g2d.SpriteBatch.draw(Lcom/badlogic/gdx/graphics/Texture;[FII)V (165 bytes) @ 0x0000015780791dbc [0x0000015780791c40+0x000000000000017c]
J 1013 c1 com.badlogic.gdx.graphics.g2d.BitmapFontCache.draw(Lcom/badlogic/gdx/graphics/g2d/Batch;)V (73 bytes) @ 0x000001578078f9b4 [0x000001578078f5a0+0x0000000000000414]
j  com.badlogic.gdx.graphics.g2d.BitmapFont.draw(Lcom/badlogic/gdx/graphics/g2d/Batch;Lcom/badlogic/gdx/graphics/g2d/GlyphLayout;FF)V+23
j  com.jakephillips.game.Screens.GameOverScreen.render(F)V+160
J 982 c1 com.jakephillips.game.SpaceGame.render()V (5 bytes) @ 0x000001578077e07c [0x000001578077de60+0x000000000000021c]
j  com.badlogic.gdx.backends.lwjgl.LwjglApplication.mainLoop()V+770
j  com.badlogic.gdx.backends.lwjgl.LwjglApplication$1.run()V+27
v  ~StubRoutines::call_stub

siginfo: EXCEPTION_ACCESS_VIOLATION (0xc0000005), reading address 0x00000157fd5545d0


Register to memory mapping:

RIP=0x0000000000c01280 nvoglv64.DLL
RAX=0x0000000000000005 is an unknown value
RBX=0x00000157fd5545d0 is an unknown value
RCX=0x0 is NULL
RDX=0x0000004cb38749d9 is an unknown value
RSP=0x00000040971feba0 is pointing into the stack for thread: 0x00000157fdbca000
RBP=0x00000157fe4b9080 points into unknown readable memory: 00 00 00 00 00 00 00 00
RSI=0x0000000000000006 is an unknown value
RDI=0x0000000000000006 is an unknown value
R8 =0x0000000000000286 is an unknown value
R9 =0x0 is NULL
R10=0x00000000546c6148 is an unknown value
R11=0xfffffffff97a498e is an unknown value
R12=0x0 is NULL
R13=0x0000000000000005 is an unknown value
R14=0x0 is NULL
R15=0x0000000000001403 is an unknown value


Registers:
RAX=0x0000000000000005, RBX=0x00000157fd5545d0, RCX=0x0000000000000000, RDX=0x0000004cb38749d9
RSP=0x00000040971feba0, RBP=0x00000157fe4b9080, RSI=0x0000000000000006, RDI=0x0000000000000006
R8 =0x0000000000000286, R9 =0x0000000000000000, R10=0x00000000546c6148, R11=0xfffffffff97a498e
R12=0x0000000000000000, R13=0x0000000000000005, R14=0x0000000000000000, R15=0x0000000000001403
RIP=0x0000000000c01280, EFLAGS=0x0000000000010246

Top of Stack: (sp=0x00000040971feba0)
0x00000040971feba0:   0000000000000004 0000015700000000
0x00000040971febb0:   0000000000000002 00007fff74c54800
0x00000040971febc0:   0000000000000014 00000157fd540d4c
0x00000040971febd0:   0000000000000010 0000015787afabd4
0x00000040971febe0:   00000157fce6ba68 00000157fdbca000
0x00000040971febf0:   00000157fe4b9828 00000157fe715fa0
0x00000040971fec00:   0000000000001403 00000157fdbca000
0x00000040971fec10:   00000157fd5545d0 0000000000000004
0x00000040971fec20:   00000157fe4b9080 00000040971fed50
0x00000040971fec30:   0000000000000000 00000000008c0a46
0x00000040971fec40:   00000157fdbca000 00007fff00000004
0x00000040971fec50:   0000000000000006 0000000088f76110
0x00000040971fec60:   0000015700000006 00007fff0000000c
0x00000040971fec70:   00000157fd5545d0 0000015700000000
0x00000040971fec80:   0000000000b9c300 00007fff74b0a13c
0x00000040971fec90:   00000157fdbca000 00000157fdbca000 

Instructions: (pc=0x0000000000c01280)
0x0000000000c01260:   f0 0f 47 f1 0f 42 c1 eb 6e 41 81 ff 03 14 00 00
0x0000000000c01270:   75 2c 48 8b 9c 24 d0 00 00 00 8d 47 ff 4c 63 e8
0x0000000000c01280:   0f b7 13 42 0f b7 0c 6b 0f b7 c1 66 3b d1 66 0f
0x0000000000c01290:   47 c2 66 0f 42 ca 0f b7 f0 0f b7 c1 eb 39 41 81 


Stack slot to memory mapping:
stack at sp + 0 slots: 0x0000000000000004 is an unknown value
stack at sp + 1 slots: 0x0000015700000000 is an unknown value
stack at sp + 2 slots: 0x0000000000000002 is an unknown value
stack at sp + 3 slots: 0x00007fff74c54800 jvm.dll
stack at sp + 4 slots: 0x0000000000000014 is an unknown value
stack at sp + 5 slots: 0x00000157fd540d4c points into unknown readable memory: 00 00 00 00
stack at sp + 6 slots: 0x0000000000000010 is an unknown value
stack at sp + 7 slots: 0x0000015787afabd4 is at entry_point+276 in (nmethod*)0x0000015787afa910


---------------  P R O C E S S  ---------------

Threads class SMR info:
_java_thread_list=0x00000157fea03ad0, length=13, elements={
0x00000157fc7b3800, 0x00000157fc7b7000, 0x00000157fc7d0000, 0x00000157fc7d1000,
0x00000157fc7d4000, 0x00000157fc7d9000, 0x00000157fd144800, 0x00000157fc79a000,
0x00000157fd3de000, 0x00000157fd3de800, 0x00000157fdbca000, 0x00000157fdbc9800,
0x00000157fdbcb000
}

Java Threads: ( => current thread )
  0x00000157fc7b3800 JavaThread "Reference Handler" daemon [_thread_blocked, id=3980, stack(0x0000004096200000,0x0000004096300000)]
  0x00000157fc7b7000 JavaThread "Finalizer" daemon [_thread_blocked, id=6656, stack(0x0000004096300000,0x0000004096400000)]
  0x00000157fc7d0000 JavaThread "Signal Dispatcher" daemon [_thread_blocked, id=10992, stack(0x0000004096500000,0x0000004096600000)]
  0x00000157fc7d1000 JavaThread "Attach Listener" daemon [_thread_blocked, id=13632, stack(0x0000004096600000,0x0000004096700000)]
  0x00000157fc7d4000 JavaThread "C2 CompilerThread0" daemon [_thread_blocked, id=10148, stack(0x0000004096700000,0x0000004096800000)]
  0x00000157fc7d9000 JavaThread "C1 CompilerThread0" daemon [_thread_blocked, id=9800, stack(0x0000004096800000,0x0000004096900000)]
  0x00000157fd144800 JavaThread "Sweeper thread" daemon [_thread_blocked, id=5680, stack(0x0000004096900000,0x0000004096a00000)]
  0x00000157fc79a000 JavaThread "Common-Cleaner" daemon [_thread_blocked, id=8088, stack(0x0000004096a00000,0x0000004096b00000)]
  0x00000157fd3de000 JavaThread "Monitor Ctrl-Break" daemon [_thread_in_native, id=7756, stack(0x0000004096c00000,0x0000004096d00000)]
  0x00000157fd3de800 JavaThread "Service Thread" daemon [_thread_blocked, id=2632, stack(0x0000004096d00000,0x0000004096e00000)]
=>0x00000157fdbca000 JavaThread "LWJGL Application" [_thread_in_native, id=9388, stack(0x0000004097100000,0x0000004097200000)]
  0x00000157fdbc9800 JavaThread "DestroyJavaVM" [_thread_blocked, id=7208, stack(0x0000004095b00000,0x0000004095c00000)]
  0x00000157fdbcb000 JavaThread "LWJGL Timer" daemon [_thread_blocked, id=3448, stack(0x0000004097700000,0x0000004097800000)]

Other Threads:
  0x00000157fc7b0000 VMThread "VM Thread" [stack: 0x0000004096100000,0x0000004096200000] [id=7028]
  0x00000157fd3e6800 WatcherThread [stack: 0x0000004096e00000,0x0000004096f00000] [id=14008]
  0x00000157ed3da800 GCTaskThread "GC Thread#0" [stack: 0x0000004095c00000,0x0000004095d00000] [id=1052]
  0x00000157ed3e9800 ConcurrentGCThread "G1 Main Marker" [stack: 0x0000004095d00000,0x0000004095e00000] [id=8376]
  0x00000157ed3ec000 ConcurrentGCThread "G1 Conc#0" [stack: 0x0000004095e00000,0x0000004095f00000] [id=8336]
  0x00000157fc630800 ConcurrentGCThread "G1 Refine#0" [stack: 0x0000004095f00000,0x0000004096000000] [id=9072]
  0x00000157fc631800 ConcurrentGCThread "G1 Young RemSet Sampling" [stack: 0x0000004096000000,0x0000004096100000] [id=8008]

Threads with active compile tasks:

VM state:not at safepoint (normal execution)

VM Mutex/Monitor currently owned by a thread: None

Heap address: 0x0000000081a00000, size: 2022 MB, Compressed Oops mode: 32-bit
Narrow klass base: 0x0000000800000000, Narrow klass shift: 3
Compressed class space size: 1073741824 Address: 0x00000008011a0000

Heap:
 garbage-first heap   total 131072K, used 13312K [0x0000000081a00000, 0x0000000100000000)
  region size 1024K, 14 young (14336K), 0 survivors (0K)
 Metaspace       used 5323K, capacity 7322K, committed 7552K, reserved 1056768K
  class space    used 393K, capacity 596K, committed 640K, reserved 1048576K
Heap Regions: E=young(eden), S=young(survivor), O=old, HS=humongous(starts), HC=humongous(continues), CS=collection set, F=free, A=archive, TAMS=top-at-mark-start (previous, next)
|   0|0x0000000081a00000, 0x0000000081a00000, 0x0000000081b00000|  0%| F|  |TAMS 0x0000000081a00000, 0x0000000081a00000| Untracked 
|   1|0x0000000081b00000, 0x0000000081b00000, 0x0000000081c00000|  0%| F|  |TAMS 0x0000000081b00000, 0x0000000081b00000| Untracked 
|   2|0x0000000081c00000, 0x0000000081c00000, 0x0000000081d00000|  0%| F|  |TAMS 0x0000000081c00000, 0x0000000081c00000| Untracked 
|   3|0x0000000081d00000, 0x0000000081d00000, 0x0000000081e00000|  0%| F|  |TAMS 0x0000000081d00000, 0x0000000081d00000| Untracked 
|   4|0x0000000081e00000, 0x0000000081e00000, 0x0000000081f00000|  0%| F|  |TAMS 0x0000000081e00000, 0x0000000081e00000| Untracked 
|   5|0x0000000081f00000, 0x0000000081f00000, 0x0000000082000000|  0%| F|  |TAMS 0x0000000081f00000, 0x0000000081f00000| Untracked 
|   6|0x0000000082000000, 0x0000000082000000, 0x0000000082100000|  0%| F|  |TAMS 0x0000000082000000, 0x0000000082000000| Untracked 
|   7|0x0000000082100000, 0x0000000082100000, 0x0000000082200000|  0%| F|  |TAMS 0x0000000082100000, 0x0000000082100000| Untracked 
|   8|0x0000000082200000, 0x0000000082200000, 0x0000000082300000|  0%| F|  |TAMS 0x0000000082200000, 0x0000000082200000| Untracked 
|   9|0x0000000082300000, 0x0000000082300000, 0x0000000082400000|  0%| F|  |TAMS 0x0000000082300000, 0x0000000082300000| Untracked 
|  10|0x0000000082400000, 0x0000000082400000, 0x0000000082500000|  0%| F|  |TAMS 0x0000000082400000, 0x0000000082400000| Untracked 
|  11|0x0000000082500000, 0x0000000082500000, 0x0000000082600000|  0%| F|  |TAMS 0x0000000082500000, 0x0000000082500000| Untracked 
|  12|0x0000000082600000, 0x0000000082600000, 0x0000000082700000|  0%| F|  |TAMS 0x0000000082600000, 0x0000000082600000| Untracked 
|  13|0x0000000082700000, 0x0000000082700000, 0x0000000082800000|  0%| F|  |TAMS 0x0000000082700000, 0x0000000082700000| Untracked 
|  14|0x0000000082800000, 0x0000000082800000, 0x0000000082900000|  0%| F|  |TAMS 0x0000000082800000, 0x0000000082800000| Untracked 
|  15|0x0000000082900000, 0x0000000082900000, 0x0000000082a00000|  0%| F|  |TAMS 0x0000000082900000, 0x0000000082900000| Untracked 
|  16|0x0000000082a00000, 0x0000000082a00000, 0x0000000082b00000|  0%| F|  |TAMS 0x0000000082a00000, 0x0000000082a00000| Untracked 
|  17|0x0000000082b00000, 0x0000000082b00000, 0x0000000082c00000|  0%| F|  |TAMS 0x0000000082b00000, 0x0000000082b00000| Untracked 
|  18|0x0000000082c00000, 0x0000000082c00000, 0x0000000082d00000|  0%| F|  |TAMS 0x0000000082c00000, 0x0000000082c00000| Untracked 
|  19|0x0000000082d00000, 0x0000000082d00000, 0x0000000082e00000|  0%| F|  |TAMS 0x0000000082d00000, 0x0000000082d00000| Untracked 
|  20|0x0000000082e00000, 0x0000000082e00000, 0x0000000082f00000|  0%| F|  |TAMS 0x0000000082e00000, 0x0000000082e00000| Untracked 
|  21|0x0000000082f00000, 0x0000000082f00000, 0x0000000083000000|  0%| F|  |TAMS 0x0000000082f00000, 0x0000000082f00000| Untracked 
|  22|0x0000000083000000, 0x0000000083000000, 0x0000000083100000|  0%| F|  |TAMS 0x0000000083000000, 0x0000000083000000| Untracked 
|  23|0x0000000083100000, 0x0000000083100000, 0x0000000083200000|  0%| F|  |TAMS 0x0000000083100000, 0x0000000083100000| Untracked 
|  24|0x0000000083200000, 0x0000000083200000, 0x0000000083300000|  0%| F|  |TAMS 0x0000000083200000, 0x0000000083200000| Untracked 
|  25|0x0000000083300000, 0x0000000083300000, 0x0000000083400000|  0%| F|  |TAMS 0x0000000083300000, 0x0000000083300000| Untracked 
|  26|0x0000000083400000, 0x0000000083400000, 0x0000000083500000|  0%| F|  |TAMS 0x0000000083400000, 0x0000000083400000| Untracked 
|  27|0x0000000083500000, 0x0000000083500000, 0x0000000083600000|  0%| F|  |TAMS 0x0000000083500000, 0x0000000083500000| Untracked 
|  28|0x0000000083600000, 0x0000000083600000, 0x0000000083700000|  0%| F|  |TAMS 0x0000000083600000, 0x0000000083600000| Untracked 
|  29|0x0000000083700000, 0x0000000083700000, 0x0000000083800000|  0%| F|  |TAMS 0x0000000083700000, 0x0000000083700000| Untracked 
|  30|0x0000000083800000, 0x0000000083800000, 0x0000000083900000|  0%| F|  |TAMS 0x0000000083800000, 0x0000000083800000| Untracked 
|  31|0x0000000083900000, 0x0000000083900000, 0x0000000083a00000|  0%| F|  |TAMS 0x0000000083900000, 0x0000000083900000| Untracked 
|  32|0x0000000083a00000, 0x0000000083a00000, 0x0000000083b00000|  0%| F|  |TAMS 0x0000000083a00000, 0x0000000083a00000| Untracked 
|  33|0x0000000083b00000, 0x0000000083b00000, 0x0000000083c00000|  0%| F|  |TAMS 0x0000000083b00000, 0x0000000083b00000| Untracked 
|  34|0x0000000083c00000, 0x0000000083c00000, 0x0000000083d00000|  0%| F|  |TAMS 0x0000000083c00000, 0x0000000083c00000| Untracked 
|  35|0x0000000083d00000, 0x0000000083d00000, 0x0000000083e00000|  0%| F|  |TAMS 0x0000000083d00000, 0x0000000083d00000| Untracked 
|  36|0x0000000083e00000, 0x0000000083e00000, 0x0000000083f00000|  0%| F|  |TAMS 0x0000000083e00000, 0x0000000083e00000| Untracked 
|  37|0x0000000083f00000, 0x0000000083f00000, 0x0000000084000000|  0%| F|  |TAMS 0x0000000083f00000, 0x0000000083f00000| Untracked 
|  38|0x0000000084000000, 0x0000000084000000, 0x0000000084100000|  0%| F|  |TAMS 0x0000000084000000, 0x0000000084000000| Untracked 
|  39|0x0000000084100000, 0x0000000084100000, 0x0000000084200000|  0%| F|  |TAMS 0x0000000084100000, 0x0000000084100000| Untracked 
|  40|0x0000000084200000, 0x0000000084200000, 0x0000000084300000|  0%| F|  |TAMS 0x0000000084200000, 0x0000000084200000| Untracked 
|  41|0x0000000084300000, 0x0000000084300000, 0x0000000084400000|  0%| F|  |TAMS 0x0000000084300000, 0x0000000084300000| Untracked 
|  42|0x0000000084400000, 0x0000000084400000, 0x0000000084500000|  0%| F|  |TAMS 0x0000000084400000, 0x0000000084400000| Untracked 
|  43|0x0000000084500000, 0x0000000084500000, 0x0000000084600000|  0%| F|  |TAMS 0x0000000084500000, 0x0000000084500000| Untracked 
|  44|0x0000000084600000, 0x0000000084600000, 0x0000000084700000|  0%| F|  |TAMS 0x0000000084600000, 0x0000000084600000| Untracked 
|  45|0x0000000084700000, 0x0000000084700000, 0x0000000084800000|  0%| F|  |TAMS 0x0000000084700000, 0x0000000084700000| Untracked 
|  46|0x0000000084800000, 0x0000000084800000, 0x0000000084900000|  0%| F|  |TAMS 0x0000000084800000, 0x0000000084800000| Untracked 
|  47|0x0000000084900000, 0x0000000084900000, 0x0000000084a00000|  0%| F|  |TAMS 0x0000000084900000, 0x0000000084900000| Untracked 
|  48|0x0000000084a00000, 0x0000000084a00000, 0x0000000084b00000|  0%| F|  |TAMS 0x0000000084a00000, 0x0000000084a00000| Untracked 
|  49|0x0000000084b00000, 0x0000000084b00000, 0x0000000084c00000|  0%| F|  |TAMS 0x0000000084b00000, 0x0000000084b00000| Untracked 
|  50|0x0000000084c00000, 0x0000000084c00000, 0x0000000084d00000|  0%| F|  |TAMS 0x0000000084c00000, 0x0000000084c00000| Untracked 
|  51|0x0000000084d00000, 0x0000000084d00000, 0x0000000084e00000|  0%| F|  |TAMS 0x0000000084d00000, 0x0000000084d00000| Untracked 
|  52|0x0000000084e00000, 0x0000000084e00000, 0x0000000084f00000|  0%| F|  |TAMS 0x0000000084e00000, 0x0000000084e00000| Untracked 
|  53|0x0000000084f00000, 0x0000000084f00000, 0x0000000085000000|  0%| F|  |TAMS 0x0000000084f00000, 0x0000000084f00000| Untracked 
|  54|0x0000000085000000, 0x0000000085000000, 0x0000000085100000|  0%| F|  |TAMS 0x0000000085000000, 0x0000000085000000| Untracked 
|  55|0x0000000085100000, 0x0000000085100000, 0x0000000085200000|  0%| F|  |TAMS 0x0000000085100000, 0x0000000085100000| Untracked 
|  56|0x0000000085200000, 0x0000000085200000, 0x0000000085300000|  0%| F|  |TAMS 0x0000000085200000, 0x0000000085200000| Untracked 
|  57|0x0000000085300000, 0x0000000085300000, 0x0000000085400000|  0%| F|  |TAMS 0x0000000085300000, 0x0000000085300000| Untracked 
|  58|0x0000000085400000, 0x0000000085400000, 0x0000000085500000|  0%| F|  |TAMS 0x0000000085400000, 0x0000000085400000| Untracked 
|  59|0x0000000085500000, 0x0000000085500000, 0x0000000085600000|  0%| F|  |TAMS 0x0000000085500000, 0x0000000085500000| Untracked 
|  60|0x0000000085600000, 0x0000000085600000, 0x0000000085700000|  0%| F|  |TAMS 0x0000000085600000, 0x0000000085600000| Untracked 
|  61|0x0000000085700000, 0x0000000085700000, 0x0000000085800000|  0%| F|  |TAMS 0x0000000085700000, 0x0000000085700000| Untracked 
|  62|0x0000000085800000, 0x0000000085800000, 0x0000000085900000|  0%| F|  |TAMS 0x0000000085800000, 0x0000000085800000| Untracked 
|  63|0x0000000085900000, 0x0000000085900000, 0x0000000085a00000|  0%| F|  |TAMS 0x0000000085900000, 0x0000000085900000| Untracked 
|  64|0x0000000085a00000, 0x0000000085a00000, 0x0000000085b00000|  0%| F|  |TAMS 0x0000000085a00000, 0x0000000085a00000| Untracked 
|  65|0x0000000085b00000, 0x0000000085b00000, 0x0000000085c00000|  0%| F|  |TAMS 0x0000000085b00000, 0x0000000085b00000| Untracked 
|  66|0x0000000085c00000, 0x0000000085c00000, 0x0000000085d00000|  0%| F|  |TAMS 0x0000000085c00000, 0x0000000085c00000| Untracked 
|  67|0x0000000085d00000, 0x0000000085d00000, 0x0000000085e00000|  0%| F|  |TAMS 0x0000000085d00000, 0x0000000085d00000| Untracked 
|  68|0x0000000085e00000, 0x0000000085e00000, 0x0000000085f00000|  0%| F|  |TAMS 0x0000000085e00000, 0x0000000085e00000| Untracked 
|  69|0x0000000085f00000, 0x0000000085f00000, 0x0000000086000000|  0%| F|  |TAMS 0x0000000085f00000, 0x0000000085f00000| Untracked 
|  70|0x0000000086000000, 0x0000000086000000, 0x0000000086100000|  0%| F|  |TAMS 0x0000000086000000, 0x0000000086000000| Untracked 
|  71|0x0000000086100000, 0x0000000086100000, 0x0000000086200000|  0%| F|  |TAMS 0x0000000086100000, 0x0000000086100000| Untracked 
|  72|0x0000000086200000, 0x0000000086200000, 0x0000000086300000|  0%| F|  |TAMS 0x0000000086200000, 0x0000000086200000| Untracked 
|  73|0x0000000086300000, 0x0000000086300000, 0x0000000086400000|  0%| F|  |TAMS 0x0000000086300000, 0x0000000086300000| Untracked 
|  74|0x0000000086400000, 0x0000000086400000, 0x0000000086500000|  0%| F|  |TAMS 0x0000000086400000, 0x0000000086400000| Untracked 
|  75|0x0000000086500000, 0x0000000086500000, 0x0000000086600000|  0%| F|  |TAMS 0x0000000086500000, 0x0000000086500000| Untracked 
|  76|0x0000000086600000, 0x0000000086600000, 0x0000000086700000|  0%| F|  |TAMS 0x0000000086600000, 0x0000000086600000| Untracked 
|  77|0x0000000086700000, 0x0000000086700000, 0x0000000086800000|  0%| F|  |TAMS 0x0000000086700000, 0x0000000086700000| Untracked 
|  78|0x0000000086800000, 0x0000000086800000, 0x0000000086900000|  0%| F|  |TAMS 0x0000000086800000, 0x0000000086800000| Untracked 
|  79|0x0000000086900000, 0x0000000086900000, 0x0000000086a00000|  0%| F|  |TAMS 0x0000000086900000, 0x0000000086900000| Untracked 
|  80|0x0000000086a00000, 0x0000000086a00000, 0x0000000086b00000|  0%| F|  |TAMS 0x0000000086a00000, 0x0000000086a00000| Untracked 
|  81|0x0000000086b00000, 0x0000000086b00000, 0x0000000086c00000|  0%| F|  |TAMS 0x0000000086b00000, 0x0000000086b00000| Untracked 
|  82|0x0000000086c00000, 0x0000000086c00000, 0x0000000086d00000|  0%| F|  |TAMS 0x0000000086c00000, 0x0000000086c00000| Untracked 
|  83|0x0000000086d00000, 0x0000000086d00000, 0x0000000086e00000|  0%| F|  |TAMS 0x0000000086d00000, 0x0000000086d00000| Untracked 
|  84|0x0000000086e00000, 0x0000000086e00000, 0x0000000086f00000|  0%| F|  |TAMS 0x0000000086e00000, 0x0000000086e00000| Untracked 
|  85|0x0000000086f00000, 0x0000000086f00000, 0x0000000087000000|  0%| F|  |TAMS 0x0000000086f00000, 0x0000000086f00000| Untracked 
|  86|0x0000000087000000, 0x0000000087000000, 0x0000000087100000|  0%| F|  |TAMS 0x0000000087000000, 0x0000000087000000| Untracked 
|  87|0x0000000087100000, 0x0000000087100000, 0x0000000087200000|  0%| F|  |TAMS 0x0000000087100000, 0x0000000087100000| Untracked 
|  88|0x0000000087200000, 0x0000000087200000, 0x0000000087300000|  0%| F|  |TAMS 0x0000000087200000, 0x0000000087200000| Untracked 
|  89|0x0000000087300000, 0x0000000087300000, 0x0000000087400000|  0%| F|  |TAMS 0x0000000087300000, 0x0000000087300000| Untracked 
|  90|0x0000000087400000, 0x0000000087400000, 0x0000000087500000|  0%| F|  |TAMS 0x0000000087400000, 0x0000000087400000| Untracked 
|  91|0x0000000087500000, 0x0000000087500000, 0x0000000087600000|  0%| F|  |TAMS 0x0000000087500000, 0x0000000087500000| Untracked 
|  92|0x0000000087600000, 0x0000000087600000, 0x0000000087700000|  0%| F|  |TAMS 0x0000000087600000, 0x0000000087600000| Untracked 
|  93|0x0000000087700000, 0x0000000087700000, 0x0000000087800000|  0%| F|  |TAMS 0x0000000087700000, 0x0000000087700000| Untracked 
|  94|0x0000000087800000, 0x0000000087800000, 0x0000000087900000|  0%| F|  |TAMS 0x0000000087800000, 0x0000000087800000| Untracked 
|  95|0x0000000087900000, 0x0000000087900000, 0x0000000087a00000|  0%| F|  |TAMS 0x0000000087900000, 0x0000000087900000| Untracked 
|  96|0x0000000087a00000, 0x0000000087a00000, 0x0000000087b00000|  0%| F|  |TAMS 0x0000000087a00000, 0x0000000087a00000| Untracked 
|  97|0x0000000087b00000, 0x0000000087b00000, 0x0000000087c00000|  0%| F|  |TAMS 0x0000000087b00000, 0x0000000087b00000| Untracked 
|  98|0x0000000087c00000, 0x0000000087c00000, 0x0000000087d00000|  0%| F|  |TAMS 0x0000000087c00000, 0x0000000087c00000| Untracked 
|  99|0x0000000087d00000, 0x0000000087d00000, 0x0000000087e00000|  0%| F|  |TAMS 0x0000000087d00000, 0x0000000087d00000| Untracked 
| 100|0x0000000087e00000, 0x0000000087e00000, 0x0000000087f00000|  0%| F|  |TAMS 0x0000000087e00000, 0x0000000087e00000| Untracked 
| 101|0x0000000087f00000, 0x0000000087f00000, 0x0000000088000000|  0%| F|  |TAMS 0x0000000087f00000, 0x0000000087f00000| Untracked 
| 102|0x0000000088000000, 0x0000000088000000, 0x0000000088100000|  0%| F|  |TAMS 0x0000000088000000, 0x0000000088000000| Untracked 
| 103|0x0000000088100000, 0x0000000088100000, 0x0000000088200000|  0%| F|  |TAMS 0x0000000088100000, 0x0000000088100000| Untracked 
| 104|0x0000000088200000, 0x0000000088200000, 0x0000000088300000|  0%| F|  |TAMS 0x0000000088200000, 0x0000000088200000| Untracked 
| 105|0x0000000088300000, 0x0000000088300000, 0x0000000088400000|  0%| F|  |TAMS 0x0000000088300000, 0x0000000088300000| Untracked 
| 106|0x0000000088400000, 0x0000000088400000, 0x0000000088500000|  0%| F|  |TAMS 0x0000000088400000, 0x0000000088400000| Untracked 
| 107|0x0000000088500000, 0x0000000088500000, 0x0000000088600000|  0%| F|  |TAMS 0x0000000088500000, 0x0000000088500000| Untracked 
| 108|0x0000000088600000, 0x0000000088600000, 0x0000000088700000|  0%| F|  |TAMS 0x0000000088600000, 0x0000000088600000| Untracked 
| 109|0x0000000088700000, 0x0000000088700000, 0x0000000088800000|  0%| F|  |TAMS 0x0000000088700000, 0x0000000088700000| Untracked 
| 110|0x0000000088800000, 0x0000000088800000, 0x0000000088900000|  0%| F|  |TAMS 0x0000000088800000, 0x0000000088800000| Untracked 
| 111|0x0000000088900000, 0x0000000088900000, 0x0000000088a00000|  0%| F|  |TAMS 0x0000000088900000, 0x0000000088900000| Untracked 
| 112|0x0000000088a00000, 0x0000000088a00000, 0x0000000088b00000|  0%| F|  |TAMS 0x0000000088a00000, 0x0000000088a00000| Untracked 
| 113|0x0000000088b00000, 0x0000000088b00000, 0x0000000088c00000|  0%| F|  |TAMS 0x0000000088b00000, 0x0000000088b00000| Untracked 
| 114|0x0000000088c00000, 0x0000000088cd8c48, 0x0000000088d00000| 84%| E|  |TAMS 0x0000000088c00000, 0x0000000088c00000| Complete 
| 115|0x0000000088d00000, 0x0000000088e00000, 0x0000000088e00000|100%| E|CS|TAMS 0x0000000088d00000, 0x0000000088d00000| Complete 
| 116|0x0000000088e00000, 0x0000000088f00000, 0x0000000088f00000|100%| E|CS|TAMS 0x0000000088e00000, 0x0000000088e00000| Complete 
| 117|0x0000000088f00000, 0x0000000089000000, 0x0000000089000000|100%| E|CS|TAMS 0x0000000088f00000, 0x0000000088f00000| Complete 
| 118|0x0000000089000000, 0x0000000089100000, 0x0000000089100000|100%| E|CS|TAMS 0x0000000089000000, 0x0000000089000000| Complete 
| 119|0x0000000089100000, 0x0000000089200000, 0x0000000089200000|100%| E|CS|TAMS 0x0000000089100000, 0x0000000089100000| Complete 
| 120|0x0000000089200000, 0x0000000089300000, 0x0000000089300000|100%| E|CS|TAMS 0x0000000089200000, 0x0000000089200000| Complete 
| 121|0x0000000089300000, 0x0000000089400000, 0x0000000089400000|100%| E|CS|TAMS 0x0000000089300000, 0x0000000089300000| Complete 
| 122|0x0000000089400000, 0x0000000089500000, 0x0000000089500000|100%| E|CS|TAMS 0x0000000089400000, 0x0000000089400000| Complete 
| 123|0x0000000089500000, 0x0000000089600000, 0x0000000089600000|100%| E|CS|TAMS 0x0000000089500000, 0x0000000089500000| Complete 
| 124|0x0000000089600000, 0x0000000089700000, 0x0000000089700000|100%| E|CS|TAMS 0x0000000089600000, 0x0000000089600000| Complete 
| 125|0x0000000089700000, 0x0000000089800000, 0x0000000089800000|100%| E|CS|TAMS 0x0000000089700000, 0x0000000089700000| Complete 
| 126|0x0000000089800000, 0x0000000089900000, 0x0000000089900000|100%| E|CS|TAMS 0x0000000089800000, 0x0000000089800000| Complete 
| 127|0x0000000089900000, 0x0000000089a00000, 0x0000000089a00000|100%| E|CS|TAMS 0x0000000089900000, 0x0000000089900000| Complete 

Card table byte_map: [0x00000157f5ba0000,0x00000157f5fa0000] _byte_map_base: 0x00000157f5793000

Marking Bits (Prev, Next): (CMBitMap*) 0x00000157ed3dca58, (CMBitMap*) 0x00000157ed3dca98
 Prev Bits: [0x00000157f63a0000, 0x00000157f8338000)
 Next Bits: [0x00000157f8340000, 0x00000157fa2d8000)

Polling page: 0x00000157eb220000

Metaspace:

Usage:
  Non-class:      6.57 MB capacity,     4.81 MB ( 73%) used,     1.75 MB ( 27%) free+waste,     7.38 KB ( <1%) overhead. 
      Class:    596.00 KB capacity,   393.52 KB ( 66%) used,   199.16 KB ( 33%) free+waste,     3.31 KB ( <1%) overhead. 
       Both:      7.15 MB capacity,     5.20 MB ( 73%) used,     1.94 MB ( 27%) free+waste,    10.69 KB ( <1%) overhead. 

Virtual space:
  Non-class space:        8.00 MB reserved,       6.75 MB ( 84%) committed 
      Class space:        1.00 GB reserved,     640.00 KB ( <1%) committed 
             Both:        1.01 GB reserved,       7.38 MB ( <1%) committed 

Chunk freelists:
   Non-Class:  15.25 KB
       Class:  1.50 KB
        Both:  16.75 KB

CodeHeap 'non-profiled nmethods': size=120064Kb used=426Kb max_used=426Kb free=119638Kb
 bounds [0x0000015787ac0000, 0x0000015787d30000, 0x000001578f000000]
CodeHeap 'profiled nmethods': size=120000Kb used=2118Kb max_used=2118Kb free=117881Kb
 bounds [0x0000015780590000, 0x0000015780800000, 0x0000015787ac0000]
CodeHeap 'non-nmethods': size=5696Kb used=1190Kb max_used=1235Kb free=4505Kb
 bounds [0x0000015780000000, 0x0000015780270000, 0x0000015780590000]
 total_blobs=1853 nmethods=1060 adapters=452
 compilation: enabled
              stopped_count=0, restarted_count=0
 full_count=0

Compilation events (10 events):
Event: 20.831 Thread 0x00000157fc7d9000 1057       3       java.util.StringTokenizer::<init> (8 bytes)
Event: 20.831 Thread 0x00000157fc7d9000 nmethod 1057 0x000001578079f390 code [0x000001578079f560, 0x000001578079f710]
Event: 20.831 Thread 0x00000157fc7d9000 1058       3       com.badlogic.gdx.graphics.g2d.BitmapFont$Glyph::<init> (10 bytes)
Event: 20.831 Thread 0x00000157fc7d9000 nmethod 1058 0x000001578079f810 code [0x000001578079f9c0, 0x000001578079fb98]
Event: 20.831 Thread 0x00000157fc7d9000 1059       3       com.badlogic.gdx.graphics.g2d.BitmapFont$BitmapFontData::setGlyph (42 bytes)
Event: 20.831 Thread 0x00000157fc7d9000 nmethod 1059 0x000001578079fc90 code [0x000001578079fe80, 0x00000157807a04b8]
Event: 20.833 Thread 0x00000157fc7d4000 nmethod 1049 0x0000015787b28090 code [0x0000015787b28240, 0x0000015787b28568]
Event: 20.833 Thread 0x00000157fc7d4000 1050       4       java.util.StringTokenizer::skipDelimiters (116 bytes)
Event: 20.834 Thread 0x00000157fc7d9000 1060       3       com.badlogic.gdx.graphics.g2d.BitmapFont$BitmapFontData::setGlyphRegion (402 bytes)
Event: 20.835 Thread 0x00000157fc7d9000 nmethod 1060 0x00000157807a0690 code [0x00000157807a0900, 0x00000157807a15d8]

GC Heap History (0 events):
No events

Deoptimization events (8 events):
Event: 0.106 Thread 0x00000157ed39c800 Uncommon trap: reason=class_check action=maybe_recompile pc=0x0000015787acd718 method=java.util.HashMap.putVal(ILjava/lang/Object;Ljava/lang/Object;ZZ)Ljava/lang/Object; @ 152 c2
Event: 0.112 Thread 0x00000157ed39c800 Uncommon trap: reason=unstable_if action=reinterpret pc=0x0000015787ac4720 method=java.lang.String.isLatin1()Z @ 10 c2
Event: 0.113 Thread 0x00000157ed39c800 Uncommon trap: reason=class_check action=maybe_recompile pc=0x0000015787acd718 method=java.util.HashMap.putVal(ILjava/lang/Object;Ljava/lang/Object;ZZ)Ljava/lang/Object; @ 152 c2
Event: 0.118 Thread 0x00000157ed39c800 Uncommon trap: reason=class_check action=maybe_recompile pc=0x0000015787acd718 method=java.util.HashMap.putVal(ILjava/lang/Object;Ljava/lang/Object;ZZ)Ljava/lang/Object; @ 152 c2
Event: 0.130 Thread 0x00000157ed39c800 Uncommon trap: reason=class_check action=maybe_recompile pc=0x0000015787acd718 method=java.util.HashMap.putVal(ILjava/lang/Object;Ljava/lang/Object;ZZ)Ljava/lang/Object; @ 152 c2
Event: 0.145 Thread 0x00000157ed39c800 Uncommon trap: reason=unstable_if action=reinterpret pc=0x0000015787ad1010 method=java.io.WinNTFileSystem.isSlash(C)Z @ 9 c2
Event: 1.020 Thread 0x00000157fc7d1000 Uncommon trap: reason=unstable_if action=reinterpret pc=0x0000015787ae60e8 method=java.lang.String.startsWith(Ljava/lang/String;I)Z @ 14 c2
Event: 20.818 Thread 0x00000157fdbca000 Uncommon trap: reason=unloaded action=reinterpret pc=0x0000015787b18680 method=com.jakephillips.game.Screens.MainGameScreen.render(F)V @ 920 c2

Classes redefined (0 events):
No events

Internal exceptions (3 events):
Event: 0.165 Thread 0x00000157ed39c800 Exception <a 'java/lang/NoSuchMethodError'{0x00000000896c2220}: java.lang.invoke.DirectMethodHandle$Holder.invokeStaticInit(Ljava/lang/Object;IIII)Ljava/lang/Object;> (0x00000000896c2220) thrown at [t:/workspace/open/src/hotspot/share/interpreter/linkReso
Event: 0.220 Thread 0x00000157ed39c800 Exception <a 'java/lang/NoSuchMethodError'{0x00000000896e01e0}: java.lang.invoke.DirectMethodHandle$Holder.invokeStaticInit(Ljava/lang/Object;Ljava/lang/Object;IIII)Ljava/lang/Object;> (0x00000000896e01e0) thrown at [t:/workspace/open/src/hotspot/share/in
Event: 1.647 Thread 0x00000157fdbca000 Exception <a 'java/lang/NoSuchMethodError'{0x0000000088e60090}: java.lang.invoke.DirectMethodHandle$Holder.invokeSpecialIFC(Ljava/lang/Object;Ljava/lang/Object;I)I> (0x0000000088e60090) thrown at [t:/workspace/open/src/hotspot/share/interpreter/linkResolv

Events (10 events):
Event: 20.821 loading class jdk/internal/util/xml/impl/ReaderUTF8
Event: 20.821 loading class jdk/internal/util/xml/impl/ReaderUTF8 done
Event: 20.821 loading class jdk/internal/util/xml/impl/XMLStreamWriterImpl
Event: 20.822 loading class jdk/internal/util/xml/XMLStreamWriter
Event: 20.822 loading class jdk/internal/util/xml/XMLStreamWriter done
Event: 20.822 loading class jdk/internal/util/xml/impl/XMLStreamWriterImpl done
Event: 20.822 loading class jdk/internal/util/xml/impl/XMLWriter
Event: 20.822 loading class jdk/internal/util/xml/impl/XMLWriter done
Event: 20.822 loading class jdk/internal/util/xml/impl/XMLStreamWriterImpl$Element
Event: 20.822 loading class jdk/internal/util/xml/impl/XMLStreamWriterImpl$Element done


Dynamic libraries:
0x00007ff73f9f0000 - 0x00007ff73f9ff000 	C:\Program Files\Java\jdk-12.0.1\bin\java.exe
0x00007fffe6100000 - 0x00007fffe62f0000 	C:\WINDOWS\SYSTEM32\ntdll.dll
0x00007fffe4cb0000 - 0x00007fffe4d62000 	C:\WINDOWS\System32\KERNEL32.DLL
0x00007fffe3ba0000 - 0x00007fffe3e43000 	C:\WINDOWS\System32\KERNELBASE.dll
0x00007fffe3860000 - 0x00007fffe395a000 	C:\WINDOWS\System32\ucrtbase.dll
0x00007fffdf440000 - 0x00007fffdf458000 	C:\Program Files\Java\jdk-12.0.1\bin\jli.dll
0x00007fffe4340000 - 0x00007fffe43e3000 	C:\WINDOWS\System32\ADVAPI32.dll
0x00007fffe4d70000 - 0x00007fffe4e0e000 	C:\WINDOWS\System32\msvcrt.dll
0x00007fffe4e80000 - 0x00007fffe4f17000 	C:\WINDOWS\System32\sechost.dll
0x00007fffe5450000 - 0x00007fffe5570000 	C:\WINDOWS\System32\RPCRT4.dll
0x00007fffe49a0000 - 0x00007fffe4b34000 	C:\WINDOWS\System32\USER32.dll
0x00007fffe3f30000 - 0x00007fffe3f51000 	C:\WINDOWS\System32\win32u.dll
0x00007fffe4230000 - 0x00007fffe4256000 	C:\WINDOWS\System32\GDI32.dll
0x00007fffe3960000 - 0x00007fffe3af4000 	C:\WINDOWS\System32\gdi32full.dll
0x00007fffe3b00000 - 0x00007fffe3b9e000 	C:\WINDOWS\System32\msvcp_win.dll
0x00007fffdc0b0000 - 0x00007fffdc0c6000 	C:\Program Files\Java\jdk-12.0.1\bin\VCRUNTIME140.dll
0x00007fffd64e0000 - 0x00007fffd6765000 	C:\WINDOWS\WinSxS\amd64_microsoft.windows.common-controls_6595b64144ccf1df_6.0.18362.418_none_e6c6b287130d565d\COMCTL32.dll
0x00007fffe4f20000 - 0x00007fffe5256000 	C:\WINDOWS\System32\combase.dll
0x00007fffe3e50000 - 0x00007fffe3ed0000 	C:\WINDOWS\System32\bcryptPrimitives.dll
0x00007fffdcf90000 - 0x00007fffdcf9a000 	C:\WINDOWS\SYSTEM32\VERSION.dll
0x00007fffe4c60000 - 0x00007fffe4c8e000 	C:\WINDOWS\System32\IMM32.DLL
0x00007fffb7d90000 - 0x00007fffb7e3a000 	C:\Program Files\Java\jdk-12.0.1\bin\msvcp140.dll
0x00007fff74720000 - 0x00007fff75294000 	C:\Program Files\Java\jdk-12.0.1\bin\server\jvm.dll
0x00007fffe43f0000 - 0x00007fffe43f8000 	C:\WINDOWS\System32\PSAPI.DLL
0x00007fffb93b0000 - 0x00007fffb93b9000 	C:\WINDOWS\SYSTEM32\WSOCK32.dll
0x00007fffe4b40000 - 0x00007fffe4baf000 	C:\WINDOWS\System32\WS2_32.dll
0x00007fffe0250000 - 0x00007fffe0274000 	C:\WINDOWS\SYSTEM32\WINMM.dll
0x00007fffe0220000 - 0x00007fffe024d000 	C:\WINDOWS\SYSTEM32\WINMMBASE.dll
0x00007fffe3810000 - 0x00007fffe385a000 	C:\WINDOWS\System32\cfgmgr32.dll
0x00007fffe3000000 - 0x00007fffe3011000 	C:\WINDOWS\System32\kernel.appcore.dll
0x00007fffdbff0000 - 0x00007fffdc001000 	C:\Program Files\Java\jdk-12.0.1\bin\verify.dll
0x00007fffd04a0000 - 0x00007fffd0694000 	C:\WINDOWS\SYSTEM32\DBGHELP.DLL
0x00007fffcff30000 - 0x00007fffcff5a000 	C:\WINDOWS\SYSTEM32\dbgcore.DLL
0x00007fffcd270000 - 0x00007fffcd296000 	C:\Program Files\Java\jdk-12.0.1\bin\java.dll
0x00007fffd3a10000 - 0x00007fffd3a1e000 	C:\Program Files\Java\jdk-12.0.1\bin\instrument.dll
0x00007fffcc110000 - 0x00007fffcc127000 	C:\Program Files\Java\jdk-12.0.1\bin\zip.dll
0x00007fffd37c0000 - 0x00007fffd37ca000 	C:\Program Files\Java\jdk-12.0.1\bin\jimage.dll
0x00007fffe59d0000 - 0x00007fffe60b5000 	C:\WINDOWS\System32\SHELL32.dll
0x00007fffe4bb0000 - 0x00007fffe4c59000 	C:\WINDOWS\System32\shcore.dll
0x00007fffe3090000 - 0x00007fffe380f000 	C:\WINDOWS\System32\windows.storage.dll
0x00007fffe2fe0000 - 0x00007fffe2fff000 	C:\WINDOWS\System32\profapi.dll
0x00007fffe3020000 - 0x00007fffe306a000 	C:\WINDOWS\System32\powrprof.dll
0x00007fffe2fd0000 - 0x00007fffe2fe0000 	C:\WINDOWS\System32\UMPDC.dll
0x00007fffe42e0000 - 0x00007fffe4332000 	C:\WINDOWS\System32\shlwapi.dll
0x00007fffe4010000 - 0x00007fffe4027000 	C:\WINDOWS\System32\cryptsp.dll
0x00007fffc9060000 - 0x00007fffc9079000 	C:\Program Files\Java\jdk-12.0.1\bin\net.dll
0x00007fffde0e0000 - 0x00007fffde1d0000 	C:\WINDOWS\SYSTEM32\WINHTTP.dll
0x00007fffd75b0000 - 0x00007fffd7786000 	C:\WINDOWS\SYSTEM32\urlmon.dll
0x00007fffd7c60000 - 0x00007fffd7f06000 	C:\WINDOWS\SYSTEM32\iertutil.dll
0x00007fffe2a10000 - 0x00007fffe2a1c000 	C:\WINDOWS\SYSTEM32\CRYPTBASE.DLL
0x00007fffe2840000 - 0x00007fffe28a7000 	C:\WINDOWS\system32\mswsock.dll
0x00007fffc5c90000 - 0x00007fffc5ca3000 	C:\Program Files\Java\jdk-12.0.1\bin\nio.dll
0x00007fffd39f0000 - 0x00007fffd3a0a000 	C:\Program Files\JetBrains\IntelliJ IDEA 2019.1.3\bin\breakgen64.dll
0x0000000065ac0000 - 0x0000000065b0b000 	C:\Users\Jake\AppData\Local\Temp\libgdxJake P\7d76f548\gdx64.dll
0x00007fffe23b0000 - 0x00007fffe23e3000 	C:\WINDOWS\system32\rsaenh.dll
0x00007fffe4180000 - 0x00007fffe41a6000 	C:\WINDOWS\System32\bcrypt.dll
0x00007fffe2ef0000 - 0x00007fffe2f15000 	C:\WINDOWS\SYSTEM32\USERENV.dll
0x00007fffe2550000 - 0x00007fffe258a000 	C:\WINDOWS\SYSTEM32\IPHLPAPI.DLL
0x00007fffe5860000 - 0x00007fffe5868000 	C:\WINDOWS\System32\NSI.dll
0x00007fffdd040000 - 0x00007fffdd056000 	C:\WINDOWS\SYSTEM32\dhcpcsvc6.DLL
0x00007fffdd020000 - 0x00007fffdd03c000 	C:\WINDOWS\SYSTEM32\dhcpcsvc.DLL
0x00007fffe2590000 - 0x00007fffe265a000 	C:\WINDOWS\SYSTEM32\DNSAPI.dll
0x0000000180000000 - 0x0000000180053000 	C:\Users\Jake\AppData\Local\Temp\libgdxJake P\1cecf4f6\lwjgl64.dll
0x00007fffc4d70000 - 0x00007fffc4ec6000 	C:\WINDOWS\SYSTEM32\OPENGL32.dll
0x00007fffd0fa0000 - 0x00007fffd0fcc000 	C:\WINDOWS\SYSTEM32\GLU32.dll
0x00007fffe1cb0000 - 0x00007fffe1cd0000 	C:\WINDOWS\SYSTEM32\dxcore.dll
0x00000157ed2c0000 - 0x00000157ed324000 	C:\Users\Jake\AppData\Local\Temp\libgdxJake P\1cecf4f6\OpenAL64.dll
0x00007fffe5870000 - 0x00007fffe59c6000 	C:\WINDOWS\System32\ole32.dll
0x00007fffe1350000 - 0x00007fffe13e9000 	C:\WINDOWS\system32\uxtheme.dll
0x00007fffe53a0000 - 0x00007fffe5442000 	C:\WINDOWS\System32\clbcatq.dll
0x00007fffb3bb0000 - 0x00007fffb3c49000 	C:\WINDOWS\SYSTEM32\dsound.dll
0x00007fffdc3d0000 - 0x00007fffdc442000 	C:\WINDOWS\System32\MMDevApi.dll
0x00007fffe2dd0000 - 0x00007fffe2dfa000 	C:\WINDOWS\System32\DEVOBJ.dll
0x00007fffd7b00000 - 0x00007fffd7c5d000 	C:\WINDOWS\SYSTEM32\AUDIOSES.DLL
0x00007fffe5570000 - 0x00007fffe5634000 	C:\WINDOWS\System32\OLEAUT32.dll
0x00007fffdebe0000 - 0x00007fffded33000 	C:\WINDOWS\SYSTEM32\wintypes.dll
0x00007fffe1670000 - 0x00007fffe1684000 	C:\WINDOWS\SYSTEM32\resourcepolicyclient.dll
0x00007fffddde0000 - 0x00007fffdde8e000 	C:\WINDOWS\SYSTEM32\mscms.dll
0x00007fffddb30000 - 0x00007fffddb47000 	C:\WINDOWS\SYSTEM32\ColorAdapterClient.dll
0x00007fffe5260000 - 0x00007fffe5396000 	C:\WINDOWS\System32\MSCTF.dll
0x0000000000080000 - 0x0000000002347000 	C:\WINDOWS\SYSTEM32\nvoglv64.DLL
0x00007fffe44d0000 - 0x00007fffe4940000 	C:\WINDOWS\System32\SETUPAPI.dll
0x00007fffdfae0000 - 0x00007fffdfaf3000 	C:\WINDOWS\SYSTEM32\WTSAPI32.dll
0x00007fffe3ed0000 - 0x00007fffe3f2c000 	C:\WINDOWS\System32\WINTRUST.dll
0x00007fffe3070000 - 0x00007fffe3082000 	C:\WINDOWS\System32\MSASN1.dll
0x00007fffe4030000 - 0x00007fffe4179000 	C:\WINDOWS\System32\CRYPT32.dll
0x00007fffe2030000 - 0x00007fffe2061000 	C:\WINDOWS\SYSTEM32\ntmarta.dll
0x00007fffe1880000 - 0x00007fffe18ad000 	C:\WINDOWS\system32\dwmapi.dll
0x00007fffd6770000 - 0x00007fffd6927000 	C:\WINDOWS\system32\nvspcap64.dll
0x00007fffdb600000 - 0x00007fffdb69e000 	C:\WINDOWS\System32\TextInputFramework.dll
0x00007fffdedc0000 - 0x00007fffdf0ea000 	C:\WINDOWS\System32\CoreUIComponents.dll
0x00007fffe0c00000 - 0x00007fffe0cd4000 	C:\WINDOWS\System32\CoreMessaging.dll
0x00007fffdc4d0000 - 0x00007fffdc513000 	C:\WINDOWS\SYSTEM32\icm32.dll
0x00007fffe20a0000 - 0x00007fffe20fc000 	C:\WINDOWS\SYSTEM32\WINSTA.dll
0x00007fff80f60000 - 0x00007fff80fe6000 	C:\Program Files (x86)\Overwolf\0.136.0.10\OWExplorer.dll

dbghelp: loaded successfully - version: 4.0.5 - missing functions: none
symbol engine: initialized successfully - sym options: 0x614 - pdb path: .;C:\Program Files\Java\jdk-12.0.1\bin;C:\WINDOWS\SYSTEM32;C:\WINDOWS\WinSxS\amd64_microsoft.windows.common-controls_6595b64144ccf1df_6.0.18362.418_none_e6c6b287130d565d;C:\Program Files\Java\jdk-12.0.1\bin\server;C:\Program Files\JetBrains\IntelliJ IDEA 2019.1.3\bin;C:\Users\Jake\AppData\Local\Temp\libgdxJake P\7d76f548;C:\Users\Jake\AppData\Local\Temp\libgdxJake P\1cecf4f6;C:\Program Files (x86)\Overwolf\0.136.0.10

VM Arguments:
jvm_args: -javaagent:C:\Program Files\JetBrains\IntelliJ IDEA 2019.1.3\lib\idea_rt.jar=53750:C:\Program Files\JetBrains\IntelliJ IDEA 2019.1.3\bin -Dfile.encoding=UTF-8 
java_command: com.jakephillips.game.desktop.DesktopLauncher
java_class_path (initial): C:\Users\Jake\Desktop\MyGame\desktop\out\production\classes;C:\Users\Jake\Desktop\MyGame\desktop\out\production\resources;C:\Users\Jake\.gradle\caches\modules-2\files-2.1\com.badlogicgames.gdx\gdx-backend-lwjgl\1.9.10\8f88abd43500d94c486d25f04d642318da72773a\gdx-backend-lwjgl-1.9.10.jar;C:\Users\Jake\.gradle\caches\modules-2\files-2.1\com.badlogicgames.gdx\gdx-platform\1.9.10\1907b49f8363dd1ee37d273854a9cc3c741a6e66\gdx-platform-1.9.10-natives-desktop.jar;C:\Users\Jake\.gradle\caches\modules-2\files-2.1\com.badlogicgames.gdx\gdx-box2d-platform\1.9.10\91b19c283b24eec646a18e0e7b940c829920df4f\gdx-box2d-platform-1.9.10-natives-desktop.jar;C:\Users\Jake\.gradle\caches\modules-2\files-2.1\com.badlogicgames.gdx\gdx-freetype-platform\1.9.10\5c4b67db9c1d62383b718ce040c7cdb555d5b19f\gdx-freetype-platform-1.9.10-natives-desktop.jar;C:\Users\Jake\.gradle\caches\modules-2\files-2.1\com.badlogicgames.box2dlights\box2dlights\1.4\3d77ad5b4164fb32fc67e2446e35911bb0aaf0bd\box2dlights-1.4.jar;C:\Users\Jake\.gradle\caches\modules-2\files-2.1\com.badlogicgames.gdx\gdx-box2d\1.9.10\d68a7a3484d47529a8d23cd467579eb098b38a9e\gdx-box2d-1.9.10.jar;C:\Users\Jake\.gradle\caches\modules-2\files-2.1\com.badlogicgames.gdx\gdx-freetype\1.9.10\8853e4f08589a9feb4b851187909cfde8810e491\gdx-freetype-1.9.10.jar;C:\Users\Jake\.gradle\caches\modules-2\files-2.1\com.badlogicgames.gdx\gdx\1.9.10\79d9ad27bd5e3eb18c9ade61d3a27d7237695d53\gdx-1.9.10.jar;C:\Users\Jake\.gradle\caches\modules-2\files-2.1\org.lwjgl.lwjgl\lwjgl_util\2.9.3\751f06b62424da056954c67288fd5c494431e350\lwjgl_util-2.9.3.jar;C:\Users\Jake\.gradle\caches\modules-2\files-2.1\org.lwjgl.lwjgl\lwjgl\2.9.3\3df168ac74e4a8c96562cdff24ad352e255bf89c\lwjgl-2.9.3.jar;C:\Users\Jake\.gradle\caches\modules-2\files-2.1\com.badlogicgames.jlayer\jlayer\1.0.1-gdx\7cca83cec5c1b2f011362f4d85aabd71a73b049d\jlayer-1.0.1-gdx.jar;C:\Users\Jake\.gradle\caches\modules-2\files-2.1\org.jcraft\jorbis\0.0.17\8872d22b293e8f5d7d56ff92be966e6d
Launcher Type: SUN_STANDARD

[Global flags]
     intx CICompilerCount                          = 3                                         {product} {ergonomic}
     uint ConcGCThreads                            = 1                                         {product} {ergonomic}
     uint G1ConcRefinementThreads                  = 4                                         {product} {ergonomic}
   size_t G1HeapRegionSize                         = 1048576                                   {product} {ergonomic}
    uintx GCDrainStackTargetSize                   = 64                                        {product} {ergonomic}
   size_t InitialHeapSize                          = 134217728                                 {product} {ergonomic}
   size_t MarkStackSize                            = 4194304                                   {product} {ergonomic}
   size_t MaxHeapSize                              = 2120220672                                {product} {ergonomic}
   size_t MaxNewSize                               = 1271922688                                {product} {ergonomic}
   size_t MinHeapDeltaBytes                        = 1048576                                   {product} {ergonomic}
    uintx NonNMethodCodeHeapSize                   = 5830732                                {pd product} {ergonomic}
    uintx NonProfiledCodeHeapSize                  = 122913754                              {pd product} {ergonomic}
    uintx ProfiledCodeHeapSize                     = 122913754                              {pd product} {ergonomic}
    uintx ReservedCodeCacheSize                    = 251658240                              {pd product} {ergonomic}
     bool SegmentedCodeCache                       = true                                      {product} {ergonomic}
     bool UseCompressedClassPointers               = true                                 {lp64_product} {ergonomic}
     bool UseCompressedOops                        = true                                 {lp64_product} {ergonomic}
     bool UseG1GC                                  = true                                      {product} {ergonomic}
     bool UseLargePagesIndividualAllocation        = false                                  {pd product} {ergonomic}

Logging:
Log output configuration:
 #0: stdout all=warning uptime,level,tags
 #1: stderr all=off uptime,level,tags

Environment Variables:
PATH=C:\ProgramData\Oracle\Java\javapath;C:\Windows\system32;C:\Windows;C:\Windows\System32\Wbem;C:\Windows\System32\WindowsPowerShell\v1.0\;C:\Program Files (x86)\NVIDIA Corporation\PhysX\Common;C:\WINDOWS\system32;C:\WINDOWS;C:\WINDOWS\System32\Wbem;C:\WINDOWS\System32\WindowsPowerShell\v1.0\;C:\Program Files (x86)\Skype\Phone\;C:\WINDOWS\System32\OpenSSH\;C:\Program Files (x86)\QuickTime\QTSystem\;C:\Users\Jake\AppData\Local\Programs\Python\Python35-32\Scripts\;C:\Users\Jake\AppData\Local\Programs\Python\Python35-32\;C:\Users\Jake\AppData\Local\Microsoft\WindowsApps;
USERNAME=Jake P
OS=Windows_NT
PROCESSOR_IDENTIFIER=Intel64 Family 6 Model 60 Stepping 3, GenuineIntel



---------------  S Y S T E M  ---------------

OS: Windows 10 , 64 bit Build 18362 (10.0.18362.329)

CPU:total 4 (initial active 4) (4 cores per cpu, 1 threads per core) family 6 model 60 stepping 3, cmov, cx8, fxsr, mmx, sse, sse2, sse3, ssse3, sse4.1, sse4.2, popcnt, avx, avx2, aes, clmul, erms, lzcnt, tsc, tscinvbit, bmi1, bmi2, fma

Memory: 4k page, system-wide physical 8082M (2648M free)
TotalPageFile size 11922M (AvailPageFile size 2715M)
current process WorkingSet (physical memory assigned to process): 97M, peak: 120M
current process commit charge ("private bytes"): 256M, peak: 281M

vm_info: Java HotSpot(TM) 64-Bit Server VM (12.0.1+12) for windows-amd64 JRE (12.0.1+12), built on Apr  2 2019 14:02:19 by "mach5one" with MS VC++ 15.5 (VS2017)

END.
